heap_internal_min_free_bytes: 36739
heap_internal_min_largest_free_block_bytes: 31732
heap_internal_frag_percent: 61
heap_internal_warn: no
heap_internal_crit: no
heap_psram_free_bytes: 1955000
heap_psram_largest_free_block_bytes: 1933300
heap_psram_min_free_bytes: 1949544
heap_psram_min_largest_free_block_bytes: 1933300
heap_psram_frag_percent: 2
heap_psram_warn: no
heap_psram_crit: no
allocs_since_run: 0
mesh_connected: no
wifi_connected: yes
wifi_ip: 192.168.4.149
cal_points: 0
pt100> I (71353184) runtime: Drain preflight(watermark): fram=512/656 wm=512 (78%) sd=mounted:1 degraded:0 backoff:0ms heap=int:79619/31732 psram:1955000/1933300 stack_min(ctrl:3324 stor:3196 flush:4068 net:1836 http:4076)
I (71360074) runtime: Drain post(watermark): flushed=512 remaining=0 duration=6890ms stack_min(ctrl:3324 stor:3196 flush:4068 net:1836 http:4076)
I (71953424) runtime: Drain preflight(watermark): fram=512/656 wm=512 (78%) sd=mounted:1 degraded:0 backoff:0ms heap=int:79619/31732 psram:1955000/1933300 stack_min(ctrl:3324 stor:3196 flush:4068 net:1836 http:4076)
I (71960054) runtime: Drain post(watermark): flushed=512 remaining=0 duration=6630ms stack_min(ctrl:3324 stor:3196 flush:4068 net:1836 http:4076)
I (72085494) time_sync: SNTP attempt summary: server=pool.ntp.org verified=yes callback=yes before=1769288019 after=1769288020 delta=1 cb_epoch=1769288020
I (72085494) time_sync: SNTP callback state: fired=yes cb_epoch=1769288020 cb_uptime_us=72084825305 attempt_uptime_us=72083674073
I (72085494) time_sync: SNTP synced
I (72085494) time_sync: RTC updated from system time
I (72085494) net_sup: Time synchronized (SNTP -> RTC UTC)
I (72553564) runtime: Drain preflight(watermark): fram=512/656 wm=512 (78%) sd=mounted:1 degraded:0 backoff:0ms heap=int:79571/31732 psram:1955000/1933300 stack_min(ctrl:3324 stor:3196 flush:4068 net:1836 http:4076)
I (72560224) runtime: Drain post(watermark): flushed=512 remaining=0 duration=6660ms stack_min(ctrl:3324 stor:3196 flush:4068 net:1836 http:4076)
I (73153724) runtime: Drain preflight(watermark): fram=512/656 wm=512 (78%) sd=mounted:1 degraded:0 backoff:0ms heap=int:79619/31732 psram:1955000/1933300 stack_min(ctrl:3324 stor:3196 flush:4068 net:1836 http:4076)
I (73160394) runtime: Drain post(watermark): flushed=512 remaining=0 duration=6670ms stack_min(ctrl:3324 stor:3196 flush:4068 net:1836 http:4076)
I (73753874) runtime: Drain preflight(watermark): fram=512/656 wm=512 (78%) sd=mounted:1 degraded:0 backoff:0ms heap=int:79619/31732 psram:1955000/1933300 stack_min(ctrl:3324 stor:3196 flush:4068 net:1836 http:4076)
I (73760524) runtime: Drain post(watermark): flushed=512 remaining=0 duration=6650ms stack_min(ctrl:3324 stor:3196 flush:4068 net:1836 http:4076)
I (74354014) runtime: Drain preflight(watermark): fram=512/656 wm=512 (78%) sd=mounted:1 degraded:0 backoff:0ms heap=int:79619/31732 psram:1955000/1933300 stack_min(ctrl:3324 stor:3196 flush:4068 net:1836 http:4076)
I (74360674) runtime: Drain post(watermark): flushed=512 remaining=0 duration=6660ms stack_min(ctrl:3324 stor:3196 flush:4068 net:1836 http:4076)
I (74954164) runtime: Drain preflight(watermark): fram=512/656 wm=512 (78%) sd=mounted:1 degraded:0 backoff:0ms heap=int:79619/31732 psram:1955000/1933300 stack_min(ctrl:3324 stor:3196 flush:4068 net:1836 http:4076)
I (74960824) runtime: Drain post(watermark): flushed=512 remaining=0 duration=6660ms stack_min(ctrl:3324 stor:3196 flush:4068 net:1836 http:4076)
I (75554264) runtime: Drain preflight(watermark): fram=512/656 wm=512 (78%) sd=mounted:1 degraded:0 backoff:0ms heap=int:79619/31732 psram:1955000/1933300 stack_min(ctrl:3324 stor:3196 flush:4068 net:1836 http:4076)
I (75560914) runtime: Drain post(watermark): flushed=512 remaining=0 duration=6650ms stack_min(ctrl:3324 stor:3196 flush:4068 net:1836 http:4076)
I (75714294) time_sync: SNTP attempt summary: server=pool.ntp.org verified=no callback=no before=1769291618 after=1769291648 delta=30 cb_epoch=0
I (75714294) time_sync: SNTP callback state: fired=no cb_epoch=0 cb_uptime_us=0 attempt_uptime_us=75683674075
W (75714294) time_sync: SNTP wait failed: result=ESP_ERR_TIMEOUT callback=no
W (75714294) net_sup: SNTP sync failed: ESP_ERR_TIMEOUT
I (75718294) time_sync: SNTP attempt summary: server=pool.ntp.org verified=yes callback=yes before=1769291649 after=1769291652 delta=3 cb_epoch=1769291652
I (75718294) time_sync: SNTP callback state: fired=yes cb_epoch=1769291652 cb_uptime_us=75717509372 attempt_uptime_us=75714674076
I (75718294) time_sync: SNTP synced
I (75718294) time_sync: RTC updated from system time
I (75718294) net_sup: Time synchronized (SNTP -> RTC UTC)
I (76153354) runtime: Drain preflight(watermark): fram=512/656 wm=512 (78%) sd=mounted:1 degraded:0 backoff:0ms heap=int:79619/31732 psram:1955000/1933300 stack_min(ctrl:3324 stor:3196 flush:4068 net:1836 http:4076)
I (76159994) runtime: Drain post(watermark): flushed=512 remaining=0 duration=6640ms stack_min(ctrl:3324 stor:3196 flush:4068 net:1836 http:4076)
I (76753494) runtime: Drain preflight(watermark): fram=512/656 wm=512 (78%) sd=mounted:1 degraded:0 backoff:0ms heap=int:79619/31732 psram:1955000/1933300 stack_min(ctrl:3324 stor:3196 flush:4068 net:1836 http:4076)
I (76760134) runtime: Drain post(watermark): flushed=512 remaining=0 duration=6640ms stack_min(ctrl:3324 stor:3196 flush:4068 net:1836 http:4076)
I (77353634) runtime: Drain preflight(watermark): fram=512/656 wm=512 (78%) sd=mounted:1 degraded:0 backoff:0ms heap=int:79619/31732 psram:1955000/1933300 stack_min(ctrl:3324 stor:3196 flush:4068 net:1836 http:4076)
I (77360294) runtime: Drain post(watermark): flushed=512 remaining=0 duration=6660ms stack_min(ctrl:3324 stor:3196 flush:4068 net:1836 http:4076)
I (77953794) runtime: Drain preflight(watermark): fram=512/656 wm=512 (78%) sd=mounted:1 degraded:0 backoff:0ms heap=int:79571/31732 psram:1955000/1933300 stack_min(ctrl:3324 stor:3196 flush:4068 net:1836 http:4076)
I (77960664) runtime: Drain post(watermark): flushed=512 remaining=0 duration=6870ms stack_min(ctrl:3324 stor:3196 flush:4068 net:1836 http:4076)
I (78554034) runtime: Drain preflight(watermark): fram=512/656 wm=512 (78%) sd=mounted:1 degraded:0 backoff:0ms heap=int:79619/31732 psram:1955000/1933300 stack_min(ctrl:3324 stor:3196 flush:4068 net:1836 http:4076)
I (78560684) runtime: Drain post(watermark): flushed=512 remaining=0 duration=6650ms stack_min(ctrl:3324 stor:3196 flush:4068 net:1836 http:4076)
I (79154174) runtime: Drain preflight(watermark): fram=512/656 wm=512 (78%) sd=mounted:1 degraded:0 backoff:0ms heap=int:79623/31732 psram:1955000/1933300 stack_min(ctrl:3324 stor:3196 flush:4068 net:1836 http:4076)
I (79160834) runtime: Drain post(watermark): flushed=512 remaining=0 duration=6660ms stack_min(ctrl:3324 stor:3196 flush:4068 net:1836 http:4076)
I (79319694) time_sync: SNTP attempt summary: server=pool.ntp.org verified=yes callback=yes before=1769295249 after=1769295254 delta=5 cb_epoch=1769295254
I (79319694) time_sync: SNTP callback state: fired=yes cb_epoch=1769295254 cb_uptime_us=79318950308 attempt_uptime_us=79314674071
I (79319694) time_sync: SNTP synced
I (79319694) time_sync: RTC updated from system time
I (79319694) net_sup: Time synchronized (SNTP -> RTC UTC)
I (79754334) runtime: Drain preflight(watermark): fram=512/656 wm=512 (78%) sd=mounted:1 degraded:0 backoff:0ms heap=int:79623/31732 psram:1955000/1933300 stack_min(ctrl:3324 stor:3196 flush:4068 net:1836 http:4076)
I (79760984) runtime: Drain post(watermark): flushed=512 remaining=0 duration=6650ms stack_min(ctrl:3324 stor:3196 flush:4068 net:1836 http:4076)
I (80354494) runtime: Drain preflight(watermark): fram=512/656 wm=512 (78%) sd=mounted:1 degraded:0 backoff:0ms heap=int:79623/31732 psram:1955000/1933300 stack_min(ctrl:3324 stor:3196 flush:4068 net:1836 http:4076)
I (80361144) runtime: Drain post(watermark): flushed=512 remaining=0 duration=6650ms stack_min(ctrl:3324 stor:3196 flush:4068 net:1836 http:4076)
I (80953544) runtime: Drain preflight(watermark): fram=512/656 wm=512 (78%) sd=mounted:1 degraded:0 backoff:0ms heap=int:79623/31732 psram:1955000/1933300 stack_min(ctrl:3324 stor:3196 flush:4068 net:1836 http:4076)
I (80960224) runtime: Drain post(watermark): flushed=512 remaining=0 duration=6680ms stack_min(ctrl:3324 stor:3196 flush:4068 net:1836 http:4076)
I (81553694) runtime: Drain preflight(watermark): fram=512/656 wm=512 (78%) sd=mounted:1 degraded:0 backoff:0ms heap=int:79623/31732 psram:1955000/1933300 stack_min(ctrl:3324 stor:3196 flush:4068 net:1836 http:4076)
I (81560574) runtime: Drain post(watermark): flushed=512 remaining=0 duration=6880ms stack_min(ctrl:3324 stor:3196 flush:4068 net:1836 http:4076)
I (82153924) runtime: Drain preflight(watermark): fram=512/656 wm=512 (78%) sd=mounted:1 degraded:0 backoff:0ms heap=int:79623/31732 psram:1955000/1933300 stack_min(ctrl:3324 stor:3196 flush:4068 net:1836 http:4076)
I (82160564) runtime: Drain post(watermark): flushed=512 remaining=0 duration=6640ms stack_min(ctrl:3324 stor:3196 flush:4068 net:1836 http:4076)
I (82754134) runtime: Drain preflight(watermark): fram=512/656 wm=512 (78%) sd=mounted:1 degraded:0 backoff:0ms heap=int:79623/31732 psram:1955000/1933300 stack_min(ctrl:3324 stor:3196 flush:4068 net:1836 http:4076)
I (82760794) runtime: Drain post(watermark): flushed=512 remaining=0 duration=6660ms stack_min(ctrl:3324 stor:3196 flush:4068 net:1836 http:4076)
I (82918494) time_sync: SNTP attempt summary: server=pool.ntp.org verified=yes callback=yes before=1769298849 after=1769298852 delta=3 cb_epoch=1769298852
I (82918494) time_sync: SNTP callback state: fired=yes cb_epoch=1769298852 cb_uptime_us=82917826123 attempt_uptime_us=82914674196
I (82918494) time_sync: SNTP synced
I (82918494) time_sync: RTC updated from system time
I (82918494) net_sup: Time synchronized (SNTP -> RTC UTC)
I (83354294) runtime: Drain preflight(watermark): fram=512/656 wm=512 (78%) sd=mounted:1 degraded:0 backoff:0ms heap=int:79623/31732 psram:1955000/1933300 stack_min(ctrl:3324 stor:3196 flush:4068 net:1836 http:4076)
I (83361034) runtime: Drain post(watermark): flushed=512 remaining=0 duration=6740ms stack_min(ctrl:3324 stor:3196 flush:4068 net:1836 http:4076)
I (83954584) runtime: Drain preflight(watermark): fram=512/656 wm=512 (78%) sd=mounted:1 degraded:0 backoff:0ms heap=int:79571/31732 psram:1955000/1933300 stack_min(ctrl:3324 stor:3196 flush:4004 net:1836 http:4076)
I (83961244) runtime: Drain post(watermark): flushed=512 remaining=0 duration=6660ms stack_min(ctrl:3324 stor:3196 flush:4004 net:1836 http:4076)
I (84553694) runtime: Drain preflight(watermark): fram=512/656 wm=512 (78%) sd=mounted:1 degraded:0 backoff:0ms heap=int:79623/31732 psram:1955000/1933300 stack_min(ctrl:3324 stor:3196 flush:4004 net:1836 http:4076)
I (84560554) runtime: Drain post(watermark): flushed=512 remaining=0 duration=6860ms stack_min(ctrl:3324 stor:3196 flush:4004 net:1836 http:4076)
I (85153804) runtime: Drain preflight(watermark): fram=512/656 wm=512 (78%) sd=mounted:1 degraded:0 backoff:0ms heap=int:79623/31732 psram:1955000/1933300 stack_min(ctrl:3324 stor:3196 flush:4004 net:1836 http:4076)
I (85160584) runtime: Drain post(watermark): flushed=512 remaining=0 duration=6780ms stack_min(ctrl:3324 stor:3196 flush:4004 net:1836 http:4076)
I (85753924) runtime: Drain preflight(watermark): fram=512/656 wm=512 (78%) sd=mounted:1 degraded:0 backoff:0ms heap=int:79623/31732 psram:1955000/1933300 stack_min(ctrl:3324 stor:3196 flush:4004 net:1836 http:4076)
I (85760574) runtime: Drain post(watermark): flushed=512 remaining=0 duration=6650ms stack_min(ctrl:3324 stor:3196 flush:4004 net:1836 http:4076)
I (86354074) runtime: Drain preflight(watermark): fram=512/656 wm=512 (78%) sd=mounted:1 degraded:0 backoff:0ms heap=int:79623/31732 psram:1955000/1933300 stack_min(ctrl:3324 stor:3196 flush:4004 net:1836 http:4076)
I (86360714) runtime: Drain post(watermark): flushed=512 remaining=0 duration=6640ms stack_min(ctrl:3324 stor:3196 flush:4004 net:1836 http:4076)
I (86519694) time_sync: SNTP attempt summary: server=pool.ntp.org verified=yes callback=yes before=1769302449 after=1769302453 delta=4 cb_epoch=1769302453
I (86519694) time_sync: SNTP callback state: fired=yes cb_epoch=1769302453 cb_uptime_us=86518951881 attempt_uptime_us=86514679080
I (86519694) time_sync: SNTP synced
I (86519694) time_sync: RTC updated from system time
I (86519694) net_sup: Time synchronized (SNTP -> RTC UTC)
I (86954224) runtime: Drain preflight(watermark): fram=512/656 wm=512 (78%) sd=mounted:1 degraded:0 backoff:0ms heap=int:79623/31732 psram:1955000/1933300 stack_min(ctrl:3324 stor:3196 flush:4004 net:1836 http:4076)
I (86960884) runtime: Drain post(watermark): flushed=512 remaining=0 duration=6660ms stack_min(ctrl:3324 stor:3196 flush:4004 net:1836 http:4076)
I (87554374) runtime: Drain preflight(watermark): fram=512/656 wm=512 (78%) sd=mounted:1 degraded:0 backoff:0ms heap=int:79571/31732 psram:1955000/1933300 stack_min(ctrl:3324 stor:3196 flush:4004 net:1836 http:4076)
I (87561024) runtime: Drain post(watermark): flushed=512 remaining=0 duration=6650ms stack_min(ctrl:3324 stor:3196 flush:4004 net:1836 http:4076)
I (88154504) runtime: Drain preflight(watermark): fram=512/656 wm=512 (78%) sd=mounted:1 degraded:0 backoff:0ms heap=int:79623/31732 psram:1955000/1933300 stack_min(ctrl:3324 stor:3196 flush:4004 net:1836 http:4076)
I (88161134) runtime: Drain post(watermark): flushed=512 remaining=0 duration=6630ms stack_min(ctrl:3324 stor:3196 flush:4004 net:1836 http:4076)
I (88754744) runtime: Drain preflight(watermark): fram=512/656 wm=512 (78%) sd=mounted:1 degraded:0 backoff:0ms heap=int:79571/31732 psram:1955000/1933300 stack_min(ctrl:3324 stor:3196 flush:4004 net:1836 http:4076)
I (88761394) runtime: Drain post(watermark): flushed=512 remaining=0 duration=6650ms stack_min(ctrl:3324 stor:3196 flush:4004 net:1836 http:4076)
I (89353854) runtime: Drain preflight(watermark): fram=512/656 wm=512 (78%) sd=mounted:1 degraded:0 backoff:0ms heap=int:79623/31732 psram:1955000/1933300 stack_min(ctrl:3324 stor:3196 flush:4004 net:1836 http:4076)
I (89360604) runtime: Drain post(watermark): flushed=512 remaining=0 duration=6750ms stack_min(ctrl:3324 stor:3196 flush:4004 net:1836 http:4076)
I (89953954) runtime: Drain preflight(watermark): fram=512/656 wm=512 (78%) sd=mounted:1 degraded:0 backoff:0ms heap=int:79623/31732 psram:1955000/1933300 stack_min(ctrl:3324 stor:3196 flush:4004 net:1836 http:4076)
I (89960784) runtime: Drain post(watermark): flushed=512 remaining=0 duration=6830ms stack_min(ctrl:3324 stor:3196 flush:4004 net:1836 http:4076)
I (90117094) time_sync: SNTP attempt summary: server=pool.ntp.org verified=yes callback=yes before=1769306049 after=1769306051 delta=2 cb_epoch=1769306051
I (90117094) time_sync: SNTP callback state: fired=yes cb_epoch=1769306051 cb_uptime_us=90116292101 attempt_uptime_us=90114674209
I (90117094) time_sync: SNTP synced
I (90117094) time_sync: RTC updated from system time
I (90117094) net_sup: Time synchronized (SNTP -> RTC UTC)
I (90554094) runtime: Drain preflight(watermark): fram=512/656 wm=512 (78%) sd=mounted:1 degraded:0 backoff:0ms heap=int:79623/31732 psram:1955000/1933300 stack_min(ctrl:3324 stor:3196 flush:4004 net:1836 http:4076)
I (90560754) runtime: Drain post(watermark): flushed=512 remaining=0 duration=6660ms stack_min(ctrl:3324 stor:3196 flush:4004 net:1836 http:4076)
I (91154264) runtime: Drain preflight(watermark): fram=512/656 wm=512 (78%) sd=mounted:1 degraded:0 backoff:0ms heap=int:79571/31732 psram:1955000/1933300 stack_min(ctrl:3324 stor:3196 flush:4004 net:1836 http:4076)
I (91160914) runtime: Drain post(watermark): flushed=512 remaining=0 duration=6650ms stack_min(ctrl:3324 stor:3196 flush:4004 net:1836 http:4076)
I (91754504) runtime: Drain preflight(watermark): fram=512/656 wm=512 (78%) sd=mounted:1 degraded:0 backoff:0ms heap=int:79623/31732 psram:1955000/1933300 stack_min(ctrl:3324 stor:3196 flush:4004 net:1836 http:4076)
I (91761354) runtime: Drain post(watermark): flushed=512 remaining=0 duration=6850ms stack_min(ctrl:3324 stor:3196 flush:4004 net:1836 http:4076)
I (92354644) runtime: Drain preflight(watermark): fram=512/656 wm=512 (78%) sd=mounted:1 degraded:0 backoff:0ms heap=int:79623/31732 psram:1955000/1933300 stack_min(ctrl:3324 stor:3196 flush:4004 net:1836 http:4076)
I (92361294) runtime: Drain post(watermark): flushed=512 remaining=0 duration=6650ms stack_min(ctrl:3324 stor:3196 flush:4004 net:1836 http:4076)
I (92954894) runtime: Drain preflight(watermark): fram=512/656 wm=512 (78%) sd=mounted:1 degraded:0 backoff:0ms heap=int:79623/31732 psram:1955000/1933300 stack_min(ctrl:3324 stor:3196 flush:4004 net:1836 http:4076)
I (92961524) runtime: Drain post(watermark): flushed=512 remaining=0 duration=6630ms stack_min(ctrl:3324 stor:3196 flush:4004 net:1836 http:4076)
I (93555154) runtime: Drain preflight(watermark): fram=512/656 wm=512 (78%) sd=mounted:1 degraded:0 backoff:0ms heap=int:79623/31732 psram:1955000/1933300 stack_min(ctrl:3324 stor:3196 flush:4004 net:1836 http:4076)
I (93561814) runtime: Drain post(watermark): flushed=512 remaining=0 duration=6660ms stack_min(ctrl:3324 stor:3196 flush:4004 net:1836 http:4076)
I (93715894) time_sync: SNTP attempt summary: server=pool.ntp.org verified=yes callback=yes before=1769309649 after=1769309649 delta=0 cb_epoch=1769309649
I (93715894) time_sync: SNTP callback state: fired=yes cb_epoch=1769309649 cb_uptime_us=93715172431 attempt_uptime_us=93714674058
I (93715894) time_sync: SNTP synced
I (93715894) time_sync: RTC updated from system time
I (93715894) net_sup: Time synchronized (SNTP -> RTC UTC)
I (94154264) runtime: Drain preflight(watermark): fram=512/656 wm=512 (78%) sd=mounted:1 degraded:0 backoff:0ms heap=int:79623/31732 psram:1955000/1933300 stack_min(ctrl:3324 stor:3196 flush:4004 net:1836 http:4076)
I (94160914) runtime: Drain post(watermark): flushed=512 remaining=0 duration=6650ms stack_min(ctrl:3324 stor:3196 flush:4004 net:1836 http:4076)
I (94754414) runtime: Drain preflight(watermark): fram=512/656 wm=512 (78%) sd=mounted:1 degraded:0 backoff:0ms heap=int:79623/31732 psram:1955000/1933300 stack_min(ctrl:3324 stor:3196 flush:4004 net:1836 http:4076)
I (94761064) runtime: Drain post(watermark): flushed=512 remaining=0 duration=6650ms stack_min(ctrl:3324 stor:3196 flush:4004 net:1836 http:4076)
I (95354634) runtime: Drain preflight(watermark): fram=512/656 wm=512 (78%) sd=mounted:1 degraded:0 backoff:0ms heap=int:79623/31732 psram:1955000/1933300 stack_min(ctrl:3324 stor:3196 flush:4004 net:1836 http:4076)
I (95361294) runtime: Drain post(watermark): flushed=512 remaining=0 duration=6660ms stack_min(ctrl:3324 stor:3196 flush:4004 net:1836 http:4076)
I (95954784) runtime: Drain preflight(watermark): fram=512/656 wm=512 (78%) sd=mounted:1 degraded:0 backoff:0ms heap=int:79623/31732 psram:1955000/1933300 stack_min(ctrl:3324 stor:3196 flush:4004 net:1836 http:4076)
W (95956834) fram_log: PeekOldest retry attempt=1 slot=20 addr=0x04c0 last_reason=bad-crc
I (95961434) runtime: Drain post(watermark): flushed=512 remaining=0 duration=6650ms stack_min(ctrl:3324 stor:3196 flush:4004 net:1836 http:4076)
I (96554994) runtime: Drain preflight(watermark): fram=512/656 wm=512 (78%) sd=mounted:1 degraded:0 backoff:0ms heap=int:79623/31732 psram:1955000/1933300 stack_min(ctrl:3324 stor:3196 flush:4004 net:1836 http:4076)
I (96561954) runtime: Drain post(watermark): flushed=512 remaining=0 duration=6960ms stack_min(ctrl:3324 stor:3196 flush:4004 net:1836 http:4076)
I (97154204) runtime: Drain preflight(watermark): fram=512/656 wm=512 (78%) sd=mounted:1 degraded:0 backoff:0ms heap=int:79623/31732 psram:1955000/1933300 stack_min(ctrl:3324 stor:3196 flush:4004 net:1836 http:4076)
I (97160854) runtime: Drain post(watermark): flushed=512 remaining=0 duration=6650ms stack_min(ctrl:3324 stor:3196 flush:4004 net:1836 http:4076)
I (97318494) time_sync: SNTP attempt summary: server=pool.ntp.org verified=yes callback=yes before=1769313249 after=1769313252 delta=3 cb_epoch=1769313252
I (97318494) time_sync: SNTP callback state: fired=yes cb_epoch=1769313252 cb_uptime_us=97317734297 attempt_uptime_us=97314674068
I (97318494) time_sync: SNTP synced
I (97318494) time_sync: RTC updated from system time
I (97318494) net_sup: Time synchronized (SNTP -> RTC UTC)
I (97754364) runtime: Drain preflight(watermark): fram=512/656 wm=512 (78%) sd=mounted:1 degraded:0 backoff:0ms heap=int:79623/31732 psram:1955000/1933300 stack_min(ctrl:3324 stor:3196 flush:4004 net:1836 http:4076)
I (97761014) runtime: Drain post(watermark): flushed=512 remaining=0 duration=6650ms stack_min(ctrl:3324 stor:3196 flush:4004 net:1836 http:4076)
I (98354524) runtime: Drain preflight(watermark): fram=512/656 wm=512 (78%) sd=mounted:1 degraded:0 backoff:0ms heap=int:79623/31732 psram:1955000/1933300 stack_min(ctrl:3324 stor:3196 flush:4004 net:1836 http:4076)
I (98361174) runtime: Drain post(watermark): flushed=512 remaining=0 duration=6650ms stack_min(ctrl:3324 stor:3196 flush:4004 net:1836 http:4076)
I (98954754) runtime: Drain preflight(watermark): fram=512/656 wm=512 (78%) sd=mounted:1 degraded:0 backoff:0ms heap=int:79623/31732 psram:1955000/1933300 stack_min(ctrl:3324 stor:3196 flush:4004 net:1836 http:4076)
I (98961414) runtime: Drain post(watermark): flushed=512 remaining=0 duration=6660ms stack_min(ctrl:3324 stor:3196 flush:4004 net:1836 http:4076)
I (99554904) runtime: Drain preflight(watermark): fram=512/656 wm=512 (78%) sd=mounted:1 degraded:0 backoff:0ms heap=int:79571/31732 psram:1955000/1933300 stack_min(ctrl:3324 stor:3196 flush:4004 net:1836 http:4076)
I (99561564) runtime: Drain post(watermark): flushed=512 remaining=0 duration=6660ms stack_min(ctrl:3324 stor:3196 flush:4004 net:1836 http:4076)
I (100155074) runtime: Drain preflight(watermark): fram=512/656 wm=512 (78%) sd=mounted:1 degraded:0 backoff:0ms heap=int:79571/31732 psram:1955000/1933300 stack_min(ctrl:3324 stor:3196 flush:4004 net:1836 http:4076)
I (100161734) runtime: Drain post(watermark): flushed=512 remaining=0 duration=6660ms stack_min(ctrl:3324 stor:3196 flush:4004 net:1836 http:4076)
I (100755244) runtime: Drain preflight(watermark): fram=512/656 wm=512 (78%) sd=mounted:1 degraded:0 backoff:0ms heap=int:79623/31732 psram:1955000/1933300 stack_min(ctrl:3324 stor:3196 flush:4004 net:1836 http:4076)
I (100761884) runtime: Drain post(watermark): flushed=512 remaining=0 duration=6640ms stack_min(ctrl:3324 stor:3196 flush:4004 net:1836 http:4076)
I (100919694) time_sync: SNTP attempt summary: server=pool.ntp.org verified=yes callback=yes before=1769316849 after=1769316853 delta=4 cb_epoch=1769316853
I (100919694) time_sync: SNTP callback state: fired=yes cb_epoch=1769316853 cb_uptime_us=100918958659 attempt_uptime_us=100914674197
I (100919694) time_sync: SNTP synced
I (100919694) time_sync: RTC updated from system time
I (100919704) net_sup: Time synchronized (SNTP -> RTC UTC)
I (101354344) runtime: Drain preflight(watermark): fram=512/656 wm=512 (78%) sd=mounted:1 degraded:0 backoff:0ms heap=int:79623/31732 psram:1955000/1933300 stack_min(ctrl:3324 stor:3196 flush:4004 net:1836 http:4076)
I (101360984) runtime: Drain post(watermark): flushed=512 remaining=0 duration=6640ms stack_min(ctrl:3324 stor:3196 flush:4004 net:1836 http:4076)
I (101954494) runtime: Drain preflight(watermark): fram=512/656 wm=512 (78%) sd=mounted:1 degraded:0 backoff:0ms heap=int:79623/31732 psram:1955000/1933300 stack_min(ctrl:3324 stor:3196 flush:4004 net:1836 http:4076)
I (101961144) runtime: Drain post(watermark): flushed=512 remaining=0 duration=6650ms stack_min(ctrl:3324 stor:3196 flush:4004 net:1836 http:4076)
I (102554644) runtime: Drain preflight(watermark): fram=512/656 wm=512 (78%) sd=mounted:1 degraded:0 backoff:0ms heap=int:79623/31732 psram:1955000/1933300 stack_min(ctrl:3324 stor:3196 flush:4004 net:1836 http:4076)
I (102561294) runtime: Drain post(watermark): flushed=512 remaining=0 duration=6650ms stack_min(ctrl:3324 stor:3196 flush:4004 net:1836 http:4076)
I (103154884) runtime: Drain preflight(watermark): fram=512/656 wm=512 (78%) sd=mounted:1 degraded:0 backoff:0ms heap=int:79623/31732 psram:1955000/1933300 stack_min(ctrl:3324 stor:3196 flush:4004 net:1836 http:4076)
I (103161534) runtime: Drain post(watermark): flushed=512 remaining=0 duration=6650ms stack_min(ctrl:3324 stor:3196 flush:4004 net:1836 http:4076)
I (103755034) runtime: Drain preflight(watermark): fram=512/656 wm=512 (78%) sd=mounted:1 degraded:0 backoff:0ms heap=int:79623/31732 psram:1955000/1933300 stack_min(ctrl:3324 stor:3196 flush:4004 net:1836 http:4076)
I (103761694) runtime: Drain post(watermark): flushed=512 remaining=0 duration=6660ms stack_min(ctrl:3324 stor:3196 flush:4004 net:1836 http:4076)
I (104355184) runtime: Drain preflight(watermark): fram=512/656 wm=512 (78%) sd=mounted:1 degraded:0 backoff:0ms heap=int:79623/31732 psram:1955000/1933300 stack_min(ctrl:3324 stor:3196 flush:4004 net:1836 http:4076)
I (104361824) runtime: Drain post(watermark): flushed=512 remaining=0 duration=6640ms stack_min(ctrl:3324 stor:3196 flush:4004 net:1836 http:4076)
I (104517094) time_sync: SNTP attempt summary: server=pool.ntp.org verified=yes callback=yes before=1769320449 after=1769320450 delta=1 cb_epoch=1769320450
I (104517094) time_sync: SNTP callback state: fired=yes cb_epoch=1769320450 cb_uptime_us=104516361438 attempt_uptime_us=104514674065
I (104517094) time_sync: SNTP synced
I (104517094) time_sync: RTC updated from system time
I (104517094) net_sup: Time synchronized (SNTP -> RTC UTC)
I (104954274) runtime: Drain preflight(watermark): fram=512/656 wm=512 (78%) sd=mounted:1 degraded:0 backoff:0ms heap=int:79623/31732 psram:1955000/1933300 stack_min(ctrl:3324 stor:3196 flush:4004 net:1836 http:4076)
I (104960904) runtime: Drain post(watermark): flushed=512 remaining=0 duration=6630ms stack_min(ctrl:3324 stor:3196 flush:4004 net:1836 http:4076)
I (105554394) runtime: Drain preflight(watermark): fram=512/656 wm=512 (78%) sd=mounted:1 degraded:0 backoff:0ms heap=int:79623/31732 psram:1955000/1933300 stack_min(ctrl:3324 stor:3196 flush:4004 net:1836 http:4076)
I (105561054) runtime: Drain post(watermark): flushed=512 remaining=0 duration=6660ms stack_min(ctrl:3324 stor:3196 flush:4004 net:1836 http:4076)
I (106154544) runtime: Drain preflight(watermark): fram=512/656 wm=512 (78%) sd=mounted:1 degraded:0 backoff:0ms heap=int:79571/31732 psram:1955000/1933300 stack_min(ctrl:3324 stor:3196 flush:4004 net:1836 http:4076)
I (106161174) runtime: Drain post(watermark): flushed=512 remaining=0 duration=6630ms stack_min(ctrl:3324 stor:3196 flush:4004 net:1836 http:4076)
I (106754674) runtime: Drain preflight(watermark): fram=512/656 wm=512 (78%) sd=mounted:1 degraded:0 backoff:0ms heap=int:79623/31732 psram:1955000/1933300 stack_min(ctrl:3324 stor:3196 flush:4004 net:1836 http:4076)
I (106761324) runtime: Drain post(watermark): flushed=512 remaining=0 duration=6650ms stack_min(ctrl:3324 stor:3196 flush:4004 net:1836 http:4076)
I (107354834) runtime: Drain preflight(watermark): fram=512/656 wm=512 (78%) sd=mounted:1 degraded:0 backoff:0ms heap=int:79623/31732 psram:1955000/1933300 stack_min(ctrl:3324 stor:3196 flush:4004 net:1836 http:4076)
I (107361484) runtime: Drain post(watermark): flushed=512 remaining=0 duration=6650ms stack_min(ctrl:3324 stor:3196 flush:4004 net:1836 http:4076)
I (107954974) runtime: Drain preflight(watermark): fram=512/656 wm=512 (78%) sd=mounted:1 degraded:0 backoff:0ms heap=int:79623/31732 psram:1955000/1933300 stack_min(ctrl:3324 stor:3196 flush:4004 net:1836 http:4076)
I (107961624) runtime: Drain post(watermark): flushed=512 remaining=0 duration=6650ms stack_min(ctrl:3324 stor:3196 flush:4004 net:1836 http:4076)
I (108117494) time_sync: SNTP attempt summary: server=pool.ntp.org verified=yes callback=yes before=1769324049 after=1769324051 delta=2 cb_epoch=1769324051
I (108117494) time_sync: SNTP callback state: fired=yes cb_epoch=1769324051 cb_uptime_us=108116854128 attempt_uptime_us=108114674059
I (108117494) time_sync: SNTP synced
I (108117494) time_sync: RTC updated from system time
I (108117494) net_sup: Time synchronized (SNTP -> RTC UTC)
I (108555124) runtime: Drain preflight(watermark): fram=512/656 wm=512 (78%) sd=mounted:1 degraded:0 backoff:0ms heap=int:79623/31732 psram:1955000/1933300 stack_min(ctrl:3324 stor:3196 flush:4004 net:1836 http:4076)
I (108561774) runtime: Drain post(watermark): flushed=512 remaining=0 duration=6650ms stack_min(ctrl:3324 stor:3196 flush:4004 net:1836 http:4076)
I (109155274) runtime: Drain preflight(watermark): fram=512/656 wm=512 (78%) sd=mounted:1 degraded:0 backoff:0ms heap=int:79623/31732 psram:1955000/1933300 stack_min(ctrl:3324 stor:3196 flush:4004 net:1836 http:4076)
I (109161924) runtime: Drain post(watermark): flushed=512 remaining=0 duration=6650ms stack_min(ctrl:3324 stor:3196 flush:4004 net:1836 http:4076)
I (109755434) runtime: Drain preflight(watermark): fram=512/656 wm=512 (78%) sd=mounted:1 degraded:0 backoff:0ms heap=int:79571/31732 psram:1955000/1933300 stack_min(ctrl:3324 stor:3196 flush:4004 net:1836 http:4076)
I (109761984) runtime: Drain post(watermark): flushed=512 remaining=0 duration=6550ms stack_min(ctrl:3324 stor:3196 flush:4004 net:1836 http:4076)
I (110354434) runtime: Drain preflight(watermark): fram=512/656 wm=512 (78%) sd=mounted:1 degraded:0 backoff:0ms heap=int:79623/31732 psram:1955000/1933300 stack_min(ctrl:3324 stor:3196 flush:4004 net:1836 http:4076)
I (110361084) runtime: Drain post(watermark): flushed=512 remaining=0 duration=6650ms stack_min(ctrl:3324 stor:3196 flush:4004 net:1836 http:4076)
I (110954584) runtime: Drain preflight(watermark): fram=512/656 wm=512 (78%) sd=mounted:1 degraded:0 backoff:0ms heap=int:79623/31732 psram:1955000/1933300 stack_min(ctrl:3324 stor:3196 flush:4004 net:1836 http:4076)
I (110961234) runtime: Drain post(watermark): flushed=512 remaining=0 duration=6650ms stack_min(ctrl:3324 stor:3196 flush:4004 net:1836 http:4076)
I (111554734) runtime: Drain preflight(watermark): fram=512/656 wm=512 (78%) sd=mounted:1 degraded:0 backoff:0ms heap=int:79623/31732 psram:1955000/1933300 stack_min(ctrl:3324 stor:3196 flush:4004 net:1836 http:4076)
I (111561344) runtime: Drain post(watermark): flushed=512 remaining=0 duration=6610ms stack_min(ctrl:3324 stor:3196 flush:4004 net:1836 http:4076)
I (111717894) time_sync: SNTP attempt summary: server=pool.ntp.org verified=yes callback=yes before=1769327649 after=1769327651 delta=2 cb_epoch=1769327651
I (111717894) time_sync: SNTP callback state: fired=yes cb_epoch=1769327651 cb_uptime_us=111717120903 attempt_uptime_us=111714674266
I (111717894) time_sync: SNTP synced
I (111717894) time_sync: RTC updated from system time
I (111717894) net_sup: Time synchronized (SNTP -> RTC UTC)
I (112154844) runtime: Drain preflight(watermark): fram=512/656 wm=512 (78%) sd=mounted:1 degraded:0 backoff:0ms heap=int:79623/31732 psram:1955000/1933300 stack_min(ctrl:3324 stor:3196 flush:4004 net:1836 http:4076)
I (112161374) runtime: Drain post(watermark): flushed=512 remaining=0 duration=6530ms stack_min(ctrl:3324 stor:3196 flush:4004 net:1836 http:4076)
I (112754874) runtime: Drain preflight(watermark): fram=512/656 wm=512 (78%) sd=mounted:1 degraded:0 backoff:0ms heap=int:79623/31732 psram:1955000/1933300 stack_min(ctrl:3324 stor:3196 flush:4004 net:1836 http:4076)
I (112761734) runtime: Drain post(watermark): flushed=512 remaining=0 duration=6860ms stack_min(ctrl:3324 stor:3196 flush:4004 net:1836 http:4076)
I (113084864) alert_mgr: ntfy batch queued: total=1 unique=1
I (113085914) alert_mgr: ntfy batch queued: total=1 unique=1
I (113086034) runtime: ntfy job ok: status=200 attempt=1
I (113355144) runtime: Drain preflight(watermark): fram=512/656 wm=512 (78%) sd=mounted:1 degraded:0 backoff:0ms heap=int:79623/31732 psram:1955000/1933300 stack_min(ctrl:3324 stor:3196 flush:4004 net:1836 http:4076)
I (113361874) runtime: Drain post(watermark): flushed=512 remaining=0 duration=6730ms stack_min(ctrl:3324 stor:3196 flush:4004 net:1836 http:4076)
I (113386084) runtime: ntfy job ok: status=200 attempt=1
I (113955364) runtime: Drain preflight(watermark): fram=512/656 wm=512 (78%) sd=mounted:1 degraded:0 backoff:0ms heap=int:79623/31732 psram:1955000/1933300 stack_min(ctrl:3324 stor:3196 flush:4004 net:1836 http:4076)
I (113962014) runtime: Drain post(watermark): flushed=512 remaining=0 duration=6650ms stack_min(ctrl:3324 stor:3196 flush:4004 net:1836 http:4076)
I (114555504) runtime: Drain preflight(watermark): fram=512/656 wm=512 (78%) sd=mounted:1 degraded:0 backoff:0ms heap=int:79623/31732 psram:1955000/1933300 stack_min(ctrl:3324 stor:3196 flush:4004 net:1836 http:4076)
I (114562154) runtime: Drain post(watermark): flushed=512 remaining=0 duration=6650ms stack_min(ctrl:3324 stor:3196 flush:4004 net:1836 http:4076)
I (115154604) runtime: Drain preflight(watermark): fram=512/656 wm=512 (78%) sd=mounted:1 degraded:0 backoff:0ms heap=int:79623/31732 psram:1955000/1933300 stack_min(ctrl:3324 stor:3196 flush:4004 net:1836 http:4076)
I (115161254) runtime: Drain post(watermark): flushed=512 remaining=0 duration=6650ms stack_min(ctrl:3324 stor:3196 flush:4004 net:1836 http:4076)
I (115317294) time_sync: SNTP attempt summary: server=pool.ntp.org verified=yes callback=yes before=1769331248 after=1769331250 delta=2 cb_epoch=1769331250
I (115317294) time_sync: SNTP callback state: fired=yes cb_epoch=1769331250 cb_uptime_us=115316640538 attempt_uptime_us=115314674069
I (115317294) time_sync: SNTP synced
I (115317294) time_sync: RTC updated from system time
I (115317294) net_sup: Time synchronized (SNTP -> RTC UTC)
I (115754754) runtime: Drain preflight(watermark): fram=512/656 wm=512 (78%) sd=mounted:1 degraded:0 backoff:0ms heap=int:79623/31732 psram:1955000/1933300 stack_min(ctrl:3324 stor:3196 flush:4004 net:1836 http:4076)
I (115761414) runtime: Drain post(watermark): flushed=512 remaining=0 duration=6660ms stack_min(ctrl:3324 stor:3196 flush:4004 net:1836 http:4076)
I (116354904) runtime: Drain preflight(watermark): fram=512/656 wm=512 (78%) sd=mounted:1 degraded:0 backoff:0ms heap=int:79623/31732 psram:1955000/1933300 stack_min(ctrl:3324 stor:3196 flush:4004 net:1836 http:4076)
I (116361784) runtime: Drain post(watermark): flushed=512 remaining=0 duration=6880ms stack_min(ctrl:3324 stor:3196 flush:4004 net:1836 http:4076)
I (116955204) runtime: Drain preflight(watermark): fram=512/656 wm=512 (78%) sd=mounted:1 degraded:0 backoff:0ms heap=int:79623/31732 psram:1955000/1933300 stack_min(ctrl:3324 stor:3196 flush:4004 net:1836 http:4076)
I (116961854) runtime: Drain post(watermark): flushed=512 remaining=0 duration=6650ms stack_min(ctrl:3324 stor:3196 flush:4004 net:1836 http:4076)
I (117555344) runtime: Drain preflight(watermark): fram=512/656 wm=512 (78%) sd=mounted:1 degraded:0 backoff:0ms heap=int:79623/31732 psram:1955000/1933300 stack_min(ctrl:3324 stor:3196 flush:4004 net:1836 http:4076)
I (117562014) runtime: Drain post(watermark): flushed=512 remaining=0 duration=6670ms stack_min(ctrl:3324 stor:3196 flush:4004 net:1836 http:4076)
I (118155514) runtime: Drain preflight(watermark): fram=512/656 wm=512 (78%) sd=mounted:1 degraded:0 backoff:0ms heap=int:79623/31732 psram:1955000/1933300 stack_min(ctrl:3324 stor:3196 flush:4004 net:1836 http:4076)
I (118162084) runtime: Drain post(watermark): flushed=512 remaining=0 duration=6570ms stack_min(ctrl:3324 stor:3196 flush:4004 net:1836 http:4076)
I (118755584) runtime: Drain preflight(watermark): fram=512/656 wm=512 (78%) sd=mounted:1 degraded:0 backoff:0ms heap=int:79623/31732 psram:1955000/1933300 stack_min(ctrl:3324 stor:3196 flush:4004 net:1836 http:4076)
I (118762224) runtime: Drain post(watermark): flushed=512 remaining=0 duration=6640ms stack_min(ctrl:3324 stor:3196 flush:4004 net:1836 http:4076)
I (118917894) time_sync: SNTP attempt summary: server=pool.ntp.org verified=yes callback=yes before=1769334848 after=1769334851 delta=3 cb_epoch=1769334851
I (118917894) time_sync: SNTP callback state: fired=yes cb_epoch=1769334851 cb_uptime_us=118917091100 attempt_uptime_us=118914674061
I (118917894) time_sync: SNTP synced
I (118917904) time_sync: RTC updated from system time
I (118917904) net_sup: Time synchronized (SNTP -> RTC UTC)
I (119355734) runtime: Drain preflight(watermark): fram=512/656 wm=512 (78%) sd=mounted:1 degraded:0 backoff:0ms heap=int:79623/31732 psram:1955000/1933300 stack_min(ctrl:3324 stor:3196 flush:4004 net:1836 http:4076)
I (119362394) runtime: Drain post(watermark): flushed=512 remaining=0 duration=6660ms stack_min(ctrl:3324 stor:3196 flush:4004 net:1836 http:4076)
I (119954804) runtime: Drain preflight(watermark): fram=512/656 wm=512 (78%) sd=mounted:1 degraded:0 backoff:0ms heap=int:79623/31732 psram:1955000/1933300 stack_min(ctrl:3324 stor:3196 flush:4004 net:1836 http:4076)
I (119961464) runtime: Drain post(watermark): flushed=512 remaining=0 duration=6660ms stack_min(ctrl:3324 stor:3196 flush:4004 net:1836 http:4076)
I (120554964) runtime: Drain preflight(watermark): fram=512/656 wm=512 (78%) sd=mounted:1 degraded:0 backoff:0ms heap=int:79571/31732 psram:1955000/1933300 stack_min(ctrl:3324 stor:3196 flush:4004 net:1836 http:4076)
I (120561614) runtime: Drain post(watermark): flushed=512 remaining=0 duration=6650ms stack_min(ctrl:3324 stor:3196 flush:4004 net:1836 http:4076)
I (121155124) runtime: Drain preflight(watermark): fram=512/656 wm=512 (78%) sd=mounted:1 degraded:0 backoff:0ms heap=int:79623/31732 psram:1955000/1933300 stack_min(ctrl:3324 stor:3196 flush:4004 net:1836 http:4076)
I (121161764) runtime: Drain post(watermark): flushed=512 remaining=0 duration=6640ms stack_min(ctrl:3324 stor:3196 flush:4004 net:1836 http:4076)
I (121755344) runtime: Drain preflight(watermark): fram=512/656 wm=512 (78%) sd=mounted:1 degraded:0 backoff:0ms heap=int:79623/31732 psram:1955000/1933300 stack_min(ctrl:3324 stor:3196 flush:4004 net:1836 http:4076)
I (121761964) runtime: Drain post(watermark): flushed=512 remaining=0 duration=6620ms stack_min(ctrl:3324 stor:3196 flush:4004 net:1836 http:4076)
I (122355454) runtime: Drain preflight(watermark): fram=512/656 wm=512 (78%) sd=mounted:1 degraded:0 backoff:0ms heap=int:79623/31732 psram:1955000/1933300 stack_min(ctrl:3324 stor:3196 flush:4004 net:1836 http:4076)
I (122362114) runtime: Drain post(watermark): flushed=512 remaining=0 duration=6660ms stack_min(ctrl:3324 stor:3196 flush:4004 net:1836 http:4076)
I (122516494) time_sync: SNTP attempt summary: server=pool.ntp.org verified=yes callback=yes before=1769338448 after=1769338449 delta=1 cb_epoch=1769338449
I (122516494) time_sync: SNTP callback state: fired=yes cb_epoch=1769338449 cb_uptime_us=122515811180 attempt_uptime_us=122514674071
I (122516494) time_sync: SNTP synced
I (122516494) time_sync: RTC updated from system time
I (122516494) net_sup: Time synchronized (SNTP -> RTC UTC)
I (122955604) runtime: Drain preflight(watermark): fram=512/656 wm=512 (78%) sd=mounted:1 degraded:0 backoff:0ms heap=int:79623/31732 psram:1955000/1933300 stack_min(ctrl:3324 stor:3196 flush:4004 net:1836 http:4076)
I (122962324) runtime: Drain post(watermark): flushed=512 remaining=0 duration=6720ms stack_min(ctrl:3324 stor:3196 flush:4004 net:1836 http:4076)
I (123555664) runtime: Drain preflight(watermark): fram=512/656 wm=512 (78%) sd=mounted:1 degraded:0 backoff:0ms heap=int:79623/31732 psram:1955000/1933300 stack_min(ctrl:3324 stor:3196 flush:4004 net:1836 http:4076)
I (123562324) runtime: Drain post(watermark): flushed=512 remaining=0 duration=6660ms stack_min(ctrl:3324 stor:3196 flush:4004 net:1836 http:4076)
I (124155904) runtime: Drain preflight(watermark): fram=512/656 wm=512 (78%) sd=mounted:1 degraded:0 backoff:0ms heap=int:79571/31732 psram:1955000/1933300 stack_min(ctrl:3324 stor:3196 flush:4004 net:1836 http:4076)
I (124162554) runtime: Drain post(watermark): flushed=512 remaining=0 duration=6650ms stack_min(ctrl:3324 stor:3196 flush:4004 net:1836 http:4076)
I (124755004) runtime: Drain preflight(watermark): fram=512/656 wm=512 (78%) sd=mounted:1 degraded:0 backoff:0ms heap=int:79623/31732 psram:1955000/1933300 stack_min(ctrl:3324 stor:3196 flush:4004 net:1836 http:4076)
I (124761644) runtime: Drain post(watermark): flushed=512 remaining=0 duration=6640ms stack_min(ctrl:3324 stor:3196 flush:4004 net:1836 http:4076)
I (125355104) runtime: Drain preflight(watermark): fram=512/656 wm=512 (78%) sd=mounted:1 degraded:0 backoff:0ms heap=int:79623/31732 psram:1955000/1933300 stack_min(ctrl:3324 stor:3196 flush:4004 net:1836 http:4076)
I (125361754) runtime: Drain post(watermark): flushed=512 remaining=0 duration=6650ms stack_min(ctrl:3324 stor:3196 flush:4004 net:1836 http:4076)
I (125955264) runtime: Drain preflight(watermark): fram=512/656 wm=512 (78%) sd=mounted:1 degraded:0 backoff:0ms heap=int:79623/31732 psram:1955000/1933300 stack_min(ctrl:3324 stor:3196 flush:4004 net:1836 http:4076)
I (125961904) runtime: Drain post(watermark): flushed=512 remaining=0 duration=6640ms stack_min(ctrl:3324 stor:3196 flush:4004 net:1836 http:4076)
I (126117694) time_sync: SNTP attempt summary: server=pool.ntp.org verified=yes callback=yes before=1769342048 after=1769342050 delta=2 cb_epoch=1769342050
I (126117694) time_sync: SNTP callback state: fired=yes cb_epoch=1769342050 cb_uptime_us=126117009755 attempt_uptime_us=126114674253
I (126117694) time_sync: SNTP synced
I (126117694) time_sync: RTC updated from system time
I (126117694) net_sup: Time synchronized (SNTP -> RTC UTC)
I (126555394) runtime: Drain preflight(watermark): fram=512/656 wm=512 (78%) sd=mounted:1 degraded:0 backoff:0ms heap=int:79623/31732 psram:1955000/1933300 stack_min(ctrl:3324 stor:3196 flush:4004 net:1836 http:4076)
I (126562274) runtime: Drain post(watermark): flushed=512 remaining=0 duration=6880ms stack_min(ctrl:3324 stor:3196 flush:4004 net:1836 http:4076)
I (127155564) runtime: Drain preflight(watermark): fram=512/656 wm=512 (78%) sd=mounted:1 degraded:0 backoff:0ms heap=int:79623/31732 psram:1955000/1933300 stack_min(ctrl:3324 stor:3196 flush:4004 net:1836 http:4076)
I (127162214) runtime: Drain post(watermark): flushed=512 remaining=0 duration=6650ms stack_min(ctrl:3324 stor:3196 flush:4004 net:1836 http:4076)
I (127755774) runtime: Drain preflight(watermark): fram=512/656 wm=512 (78%) sd=mounted:1 degraded:0 backoff:0ms heap=int:79571/31732 psram:1955000/1933300 stack_min(ctrl:3324 stor:3196 flush:4004 net:1836 http:4076)
I (127762414) runtime: Drain post(watermark): flushed=512 remaining=0 duration=6640ms stack_min(ctrl:3324 stor:3196 flush:4004 net:1836 http:4076)
I (128354864) runtime: Drain preflight(watermark): fram=512/656 wm=512 (78%) sd=mounted:1 degraded:0 backoff:0ms heap=int:79623/31732 psram:1955000/1933300 stack_min(ctrl:3324 stor:3196 flush:4004 net:1836 http:4076)
I (128361524) runtime: Drain post(watermark): flushed=512 remaining=0 duration=6660ms stack_min(ctrl:3324 stor:3196 flush:4004 net:1836 http:4076)
I (128955024) runtime: Drain preflight(watermark): fram=512/656 wm=512 (78%) sd=mounted:1 degraded:0 backoff:0ms heap=int:79623/31732 psram:1955000/1933300 stack_min(ctrl:3324 stor:3196 flush:4004 net:1836 http:4076)
I (128961664) runtime: Drain post(watermark): flushed=512 remaining=0 duration=6640ms stack_min(ctrl:3324 stor:3196 flush:4004 net:1836 http:4076)
I (129555174) runtime: Drain preflight(watermark): fram=512/656 wm=512 (78%) sd=mounted:1 degraded:0 backoff:0ms heap=int:79623/31732 psram:1955000/1933300 stack_min(ctrl:3324 stor:3196 flush:4004 net:1836 http:4076)
I (129561814) runtime: Drain post(watermark): flushed=512 remaining=0 duration=6640ms stack_min(ctrl:3324 stor:3196 flush:4004 net:1836 http:4076)
I (129718694) time_sync: SNTP attempt summary: server=pool.ntp.org verified=yes callback=yes before=1769345648 after=1769345651 delta=3 cb_epoch=1769345651
I (129718694) time_sync: SNTP callback state: fired=yes cb_epoch=1769345651 cb_uptime_us=129717904026 attempt_uptime_us=129714674492
I (129718694) time_sync: SNTP synced
I (129718694) time_sync: RTC updated from system time
I (129718694) net_sup: Time synchronized (SNTP -> RTC UTC)
I (130155324) runtime: Drain preflight(watermark): fram=512/656 wm=512 (78%) sd=mounted:1 degraded:0 backoff:0ms heap=int:79623/31732 psram:1955000/1933300 stack_min(ctrl:3324 stor:3196 flush:4004 net:1836 http:4076)
W (130160634) fram_log: PeekOldest retry attempt=1 slot=384 addr=0x4900 last_reason=bad-crc
I (130161884) runtime: Drain post(watermark): flushed=512 remaining=0 duration=6560ms stack_min(ctrl:3324 stor:3196 flush:4004 net:1836 http:4076)
I (130755384) runtime: Drain preflight(watermark): fram=512/656 wm=512 (78%) sd=mounted:1 degraded:0 backoff:0ms heap=int:79623/31732 psram:1955000/1933300 stack_min(ctrl:3324 stor:3196 flush:4004 net:1836 http:4076)
I (130762044) runtime: Drain post(watermark): flushed=512 remaining=0 duration=6660ms stack_min(ctrl:3324 stor:3196 flush:4004 net:1836 http:4076)
I (131355704) runtime: Drain preflight(watermark): fram=512/656 wm=512 (78%) sd=mounted:1 degraded:0 backoff:0ms heap=int:79623/31732 psram:1955000/1933300 stack_min(ctrl:3324 stor:3196 flush:4004 net:1836 http:4076)
I (131362544) runtime: Drain post(watermark): flushed=512 remaining=0 duration=6840ms stack_min(ctrl:3324 stor:3196 flush:4004 net:1836 http:4076)
I (131955914) runtime: Drain preflight(watermark): fram=512/656 wm=512 (78%) sd=mounted:1 degraded:0 backoff:0ms heap=int:79623/31732 psram:1955000/1933300 stack_min(ctrl:3324 stor:3196 flush:4004 net:1836 http:4076)
I (131962554) runtime: Drain post(watermark): flushed=512 remaining=0 duration=6640ms stack_min(ctrl:3324 stor:3196 flush:4004 net:1836 http:4076)
I (132556134) runtime: Drain preflight(watermark): fram=512/656 wm=512 (78%) sd=mounted:1 degraded:0 backoff:0ms heap=int:79623/31732 psram:1955000/1933300 stack_min(ctrl:3324 stor:3196 flush:4004 net:1836 http:4076)
I (132562774) runtime: Drain post(watermark): flushed=512 remaining=0 duration=6640ms stack_min(ctrl:3324 stor:3196 flush:4004 net:1836 http:4076)
I (133155224) runtime: Drain preflight(watermark): fram=512/656 wm=512 (78%) sd=mounted:1 degraded:0 backoff:0ms heap=int:79623/31732 psram:1955000/1933300 stack_min(ctrl:3324 stor:3196 flush:4004 net:1836 http:4076)
I (133161874) runtime: Drain post(watermark): flushed=512 remaining=0 duration=6650ms stack_min(ctrl:3324 stor:3196 flush:4004 net:1836 http:4076)
I (133320494) time_sync: SNTP attempt summary: server=pool.ntp.org verified=yes callback=yes before=1769349248 after=1769349253 delta=5 cb_epoch=1769349253
I (133320494) time_sync: SNTP callback state: fired=yes cb_epoch=1769349253 cb_uptime_us=133319693524 attempt_uptime_us=133314674078
I (133320494) time_sync: SNTP synced
I (133320494) time_sync: RTC updated from system time
I (133320494) net_sup: Time synchronized (SNTP -> RTC UTC)
I (133755374) runtime: Drain preflight(watermark): fram=512/656 wm=512 (78%) sd=mounted:1 degraded:0 backoff:0ms heap=int:79623/31732 psram:1955000/1933300 stack_min(ctrl:3324 stor:3196 flush:4004 net:1836 http:4076)
I (133762024) runtime: Drain post(watermark): flushed=512 remaining=0 duration=6650ms stack_min(ctrl:3324 stor:3196 flush:4004 net:1836 http:4076)
I (134355594) runtime: Drain preflight(watermark): fram=512/656 wm=512 (78%) sd=mounted:1 degraded:0 backoff:0ms heap=int:79623/31732 psram:1955000/1933300 stack_min(ctrl:3324 stor:3196 flush:4004 net:1836 http:4076)
I (134362254) runtime: Drain post(watermark): flushed=512 remaining=0 duration=6660ms stack_min(ctrl:3324 stor:3196 flush:4004 net:1836 http:4076)
I (134955744) runtime: Drain preflight(watermark): fram=512/656 wm=512 (78%) sd=mounted:1 degraded:0 backoff:0ms heap=int:79623/31732 psram:1955000/1933300 stack_min(ctrl:3324 stor:3196 flush:4004 net:1836 http:4076)
I (134962394) runtime: Drain post(watermark): flushed=512 remaining=0 duration=6650ms stack_min(ctrl:3324 stor:3196 flush:4004 net:1836 http:4076)
I (135556004) runtime: Drain preflight(watermark): fram=512/656 wm=512 (78%) sd=mounted:1 degraded:0 backoff:0ms heap=int:79571/31732 psram:1955000/1933300 stack_min(ctrl:3324 stor:3196 flush:4004 net:1836 http:4076)
I (135562644) runtime: Drain post(watermark): flushed=512 remaining=0 duration=6640ms stack_min(ctrl:3324 stor:3196 flush:4004 net:1836 http:4076)
I (136155044) runtime: Drain preflight(watermark): fram=512/656 wm=512 (78%) sd=mounted:1 degraded:0 backoff:0ms heap=int:79571/31732 psram:1955000/1933300 stack_min(ctrl:3324 stor:3196 flush:4004 net:1836 http:4076)
I (136161774) runtime: Drain post(watermark): flushed=512 remaining=0 duration=6730ms stack_min(ctrl:3324 stor:3196 flush:4004 net:1836 http:4076)
I (136755284) runtime: Drain preflight(watermark): fram=512/656 wm=512 (78%) sd=mounted:1 degraded:0 backoff:0ms heap=int:79623/31732 psram:1955000/1933300 stack_min(ctrl:3324 stor:3196 flush:4004 net:1836 http:4076)
I (136761894) runtime: Drain post(watermark): flushed=512 remaining=0 duration=6610ms stack_min(ctrl:3324 stor:3196 flush:4004 net:1836 http:4076)
I (136919494) time_sync: SNTP attempt summary: server=pool.ntp.org verified=yes callback=yes before=1769352848 after=1769352852 delta=4 cb_epoch=1769352852
I (136919494) time_sync: SNTP callback state: fired=yes cb_epoch=1769352852 cb_uptime_us=136918777881 attempt_uptime_us=136914674255
I (136919494) time_sync: SNTP synced
I (136919494) time_sync: RTC updated from system time
I (136919494) net_sup: Time synchronized (SNTP -> RTC UTC)
I (137355394) runtime: Drain preflight(watermark): fram=512/656 wm=512 (78%) sd=mounted:1 degraded:0 backoff:0ms heap=int:79623/31732 psram:1955000/1933300 stack_min(ctrl:3324 stor:3196 flush:4004 net:1836 http:4076)
I (137362044) runtime: Drain post(watermark): flushed=512 remaining=0 duration=6650ms stack_min(ctrl:3324 stor:3196 flush:4004 net:1836 http:4076)
I (137955554) runtime: Drain preflight(watermark): fram=512/656 wm=512 (78%) sd=mounted:1 degraded:0 backoff:0ms heap=int:79623/31732 psram:1955000/1933300 stack_min(ctrl:3324 stor:3196 flush:4004 net:1836 http:4076)
I (137962184) runtime: Drain post(watermark): flushed=512 remaining=0 duration=6630ms stack_min(ctrl:3324 stor:3196 flush:4004 net:1836 http:4076)
I (138555764) runtime: Drain preflight(watermark): fram=512/656 wm=512 (78%) sd=mounted:1 degraded:0 backoff:0ms heap=int:79623/31732 psram:1955000/1933300 stack_min(ctrl:3324 stor:3196 flush:4004 net:1836 http:4076)
I (138562434) runtime: Drain post(watermark): flushed=512 remaining=0 duration=6670ms stack_min(ctrl:3324 stor:3196 flush:4004 net:1836 http:4076)
I (139155934) runtime: Drain preflight(watermark): fram=512/656 wm=512 (78%) sd=mounted:1 degraded:0 backoff:0ms heap=int:79623/31732 psram:1955000/1933300 stack_min(ctrl:3324 stor:3196 flush:4004 net:1836 http:4076)
I (139162594) runtime: Drain post(watermark): flushed=512 remaining=0 duration=6660ms stack_min(ctrl:3324 stor:3196 flush:4004 net:1836 http:4076)
I (139756054) runtime: Drain preflight(watermark): fram=512/656 wm=512 (78%) sd=mounted:1 degraded:0 backoff:0ms heap=int:79623/31732 psram:1955000/1933300 stack_min(ctrl:3324 stor:3196 flush:4004 net:1836 http:4076)
I (139762704) runtime: Drain post(watermark): flushed=512 remaining=0 duration=6650ms stack_min(ctrl:3324 stor:3196 flush:4004 net:1836 http:4076)
I (140356194) runtime: Drain preflight(watermark): fram=512/656 wm=512 (78%) sd=mounted:1 degraded:0 backoff:0ms heap=int:79623/31732 psram:1955000/1933300 stack_min(ctrl:3324 stor:3196 flush:4004 net:1836 http:4076)
I (140362854) runtime: Drain post(watermark): flushed=512 remaining=0 duration=6660ms stack_min(ctrl:3324 stor:3196 flush:4004 net:1836 http:4076)
stack
task            alloc  last_free   min_free  peak_used  recommended
display          4608       2032       2032       2576         3840
control          6144       3324       3324       2820         4096
sensor           3584       1312       1312       2272         3328
storage          6144       3196       3196       2948         4096
sd_flush         8192       4004       4004       4188         5376
export           3584       1052       1052       2532         3584
net_tx           6144       1836       1836       4308         5376
alert_http      11264       4076       4076       7188         8448
pt100> status
node_id: 98:A3:16:12:57:B0
runtime_running: yes
time_valid: yes
log_period_ms: 1000
rtc_resync_period_ms: 3600000
sd_flush_period_ms: 600000
sd_batch_target_bytes: 4096
node_role: SENSOR
net_mode: WIFI
allow_children: no
tz_posix: CST6CDT,M3.2.0/2,M11.1.0/2
dst_enabled: yes
mqtt_enabled: no
mqtt_broker_uri: mqtt://192.168.1.50
mqtt_topic_prefix: pt100
mqtt_qos: 0
mqtt_retain: no
rtd_ema_enabled: yes
rtd_ema_alpha: 0.200
rtd_ema_valid: yes
utc_time: 2026-01-25 15:53:35Z (epoch=1769356415)
local_time: 2026-01-25 09:53:35 (utc_offset_sec=-21600 dst_in_effect=0)
fram_count: 66
fram_capacity: 656
fram_fill_pct: 10
fram_overrun_records_total: 0
fram_flush_watermark_records: 512
fram_full: no
fram_count/seq: 66/224155
fram_corrupt_detect_count: 0
fram_corrupt_skip_count: 0
fram_corrupt_last_reason: ok
fram_corrupt_last_slot: 0
fram_corrupt_last_addr: 0x0000
fram_corrupt_last_magic: 0x00000000
fram_corrupt_last_schema: 0
fram_corrupt_last_exp_crc: 0x0000
fram_corrupt_last_act_crc: 0x0000
data_csv_drop_count: 0
data_csv_write_fail_count: 0
mqtt_connected: no
export_outbox_depth/used: 16/0
export_drop_count: 0
export_send_fail_count: 0
calibration: mode=linear degree=1 coeffs=[0, 1, 0, 0]
Calibration:
  Last UTC:  n/a
  Due every: disabled
  Due date:  n/a
  Overdue:   no
  Time valid: yes
  Time stable: yes
  Check: active
sd_mounted: yes
sd_card_present: yes
sd_safe_to_remove: no
sd_card_detect_gpio: 3
sd_card_detect_present_level: low
sd_degraded: no
sd_fail_count: 0
sd_backoff_remaining_ms: 0
sd_last_record_id: 224088
heap_internal_free_bytes: 79623
heap_internal_largest_free_block_bytes: 31732
heap_internal_min_free_bytes: 36739
heap_internal_min_largest_free_block_bytes: 31732
heap_internal_frag_percent: 61
heap_internal_warn: no
heap_internal_crit: no
heap_psram_free_bytes: 1955000
heap_psram_largest_free_block_bytes: 1933300
heap_psram_min_free_bytes: 1947216
heap_psram_min_largest_free_block_bytes: 1933300
heap_psram_frag_percent: 2
heap_psram_warn: no
heap_psram_crit: no
allocs_since_run: 0
mesh_connected: no
wifi_connected: yes
wifi_ip: 192.168.4.149
cal_points: 0
pt100> I (140517894) time_sync: SNTP attempt summary: server=pool.ntp.org verified=yes callback=yes before=1769356448 after=1769356450 delta=2 cb_epoch=1769356450
I (140517894) time_sync: SNTP callback state: fired=yes cb_epoch=1769356450 cb_uptime_us=140517132855 attempt_uptime_us=140514674307
I (140517894) time_sync: SNTP synced
I (140517894) time_sync: RTC updated from system time
I (140517894) net_sup: Time synchronized (SNTP -> RTC UTC)
I (140955294) runtime: Drain preflight(watermark): fram=512/656 wm=512 (78%) sd=mounted:1 degraded:0 backoff:0ms heap=int:79571/31732 psram:1955000/1933300 stack_min(ctrl:3324 stor:3196 flush:4004 net:1836 http:4076)
I (140961984) runtime: Drain post(watermark): flushed=512 remaining=0 duration=6690ms stack_min(ctrl:3324 stor:3196 flush:4004 net:1836 http:4076)
I (141555484) runtime: Drain preflight(watermark): fram=512/656 wm=512 (78%) sd=mounted:1 degraded:0 backoff:0ms heap=int:79571/31732 psram:1955000/1933300 stack_min(ctrl:3324 stor:3196 flush:4004 net:1836 http:4076)
I (141562134) runtime: Drain post(watermark): flushed=512 remaining=0 duration=6650ms stack_min(ctrl:3324 stor:3196 flush:4004 net:1836 http:4076)
I (142155634) runtime: Drain preflight(watermark): fram=512/656 wm=512 (78%) sd=mounted:1 degraded:0 backoff:0ms heap=int:79571/31732 psram:1955000/1933300 stack_min(ctrl:3324 stor:3196 flush:4004 net:1836 http:4076)
I (142162274) runtime: Drain post(watermark): flushed=512 remaining=0 duration=6640ms stack_min(ctrl:3324 stor:3196 flush:4004 net:1836 http:4076)
I (142755844) runtime: Drain preflight(watermark): fram=512/656 wm=512 (78%) sd=mounted:1 degraded:0 backoff:0ms heap=int:79571/31732 psram:1955000/1933300 stack_min(ctrl:3324 stor:3196 flush:4004 net:1836 http:4076)
I (142762494) runtime: Drain post(watermark): flushed=512 remaining=0 duration=6650ms stack_min(ctrl:3324 stor:3196 flush:4004 net:1836 http:4076)
I (143355984) runtime: Drain preflight(watermark): fram=512/656 wm=512 (78%) sd=mounted:1 degraded:0 backoff:0ms heap=int:79571/31732 psram:1955000/1933300 stack_min(ctrl:3324 stor:3196 flush:4004 net:1836 http:4076)
I (143362624) runtime: Drain post(watermark): flushed=512 remaining=0 duration=6640ms stack_min(ctrl:3324 stor:3196 flush:4004 net:1836 http:4076)
I (143956234) runtime: Drain preflight(watermark): fram=512/656 wm=512 (78%) sd=mounted:1 degraded:0 backoff:0ms heap=int:79571/31732 psram:1955000/1933300 stack_min(ctrl:3324 stor:3196 flush:4004 net:1836 http:4076)
I (143962884) runtime: Drain post(watermark): flushed=512 remaining=0 duration=6650ms stack_min(ctrl:3324 stor:3196 flush:4004 net:1836 http:4076)
I (144119094) time_sync: SNTP attempt summary: server=pool.ntp.org verified=yes callback=yes before=1769360048 after=1769360051 delta=3 cb_epoch=1769360051
I (144119094) time_sync: SNTP callback state: fired=yes cb_epoch=1769360051 cb_uptime_us=144118470583 attempt_uptime_us=144114674371
I (144119094) time_sync: SNTP synced
I (144119094) time_sync: RTC updated from system time
I (144119094) net_sup: Time synchronized (SNTP -> RTC UTC)
I (144556474) runtime: Drain preflight(watermark): fram=512/656 wm=512 (78%) sd=mounted:1 degraded:0 backoff:0ms heap=int:79571/31732 psram:1955000/1933300 stack_min(ctrl:3324 stor:3196 flush:4004 net:1836 http:4076)
I (144563134) runtime: Drain post(watermark): flushed=512 remaining=0 duration=6660ms stack_min(ctrl:3324 stor:3196 flush:4004 net:1836 http:4076)
I (145155584) runtime: Drain preflight(watermark): fram=512/656 wm=512 (78%) sd=mounted:1 degraded:0 backoff:0ms heap=int:79571/31732 psram:1955000/1933300 stack_min(ctrl:3324 stor:3196 flush:4004 net:1836 http:4076)
I (145162234) runtime: Drain post(watermark): flushed=512 remaining=0 duration=6650ms stack_min(ctrl:3324 stor:3196 flush:4004 net:1836 http:4076)
I (145755744) runtime: Drain preflight(watermark): fram=512/656 wm=512 (78%) sd=mounted:1 degraded:0 backoff:0ms heap=int:79571/31732 psram:1955000/1933300 stack_min(ctrl:3324 stor:3196 flush:4004 net:1836 http:4076)
I (145762404) runtime: Drain post(watermark): flushed=512 remaining=0 duration=6660ms stack_min(ctrl:3324 stor:3196 flush:4004 net:1836 http:4076)
I (146356004) runtime: Drain preflight(watermark): fram=512/656 wm=512 (78%) sd=mounted:1 degraded:0 backoff:0ms heap=int:79523/31732 psram:1955000/1933300 stack_min(ctrl:3324 stor:3196 flush:4004 net:1836 http:4076)
I (146362664) runtime: Drain post(watermark): flushed=512 remaining=0 duration=6660ms stack_min(ctrl:3324 stor:3196 flush:4004 net:1836 http:4076)
I (146956234) runtime: Drain preflight(watermark): fram=512/656 wm=512 (78%) sd=mounted:1 degraded:0 backoff:0ms heap=int:79571/31732 psram:1955000/1933300 stack_min(ctrl:3324 stor:3196 flush:4004 net:1836 http:4076)
I (146963014) runtime: Drain post(watermark): flushed=512 remaining=0 duration=6780ms stack_min(ctrl:3324 stor:3196 flush:4004 net:1836 http:4076)
I (147555314) runtime: Drain preflight(watermark): fram=512/656 wm=512 (78%) sd=mounted:1 degraded:0 backoff:0ms heap=int:79571/31732 psram:1955000/1933300 stack_min(ctrl:3324 stor:3196 flush:4004 net:1836 http:4076)
I (147561964) runtime: Drain post(watermark): flushed=512 remaining=0 duration=6650ms stack_min(ctrl:3324 stor:3196 flush:4004 net:1836 http:4076)
I (147716294) time_sync: SNTP attempt summary: server=pool.ntp.org verified=yes callback=yes before=1769363647 after=1769363648 delta=1 cb_epoch=1769363648
I (147716294) time_sync: SNTP callback state: fired=yes cb_epoch=1769363648 cb_uptime_us=147715529189 attempt_uptime_us=147714674092
I (147716294) time_sync: SNTP synced
I (147716294) time_sync: RTC updated from system time
I (147716294) net_sup: Time synchronized (SNTP -> RTC UTC)
I (148155474) runtime: Drain preflight(watermark): fram=512/656 wm=512 (78%) sd=mounted:1 degraded:0 backoff:0ms heap=int:79523/31732 psram:1955000/1933300 stack_min(ctrl:3324 stor:3196 flush:4004 net:1836 http:4076)
I (148162104) runtime: Drain post(watermark): flushed=512 remaining=0 duration=6630ms stack_min(ctrl:3324 stor:3196 flush:4004 net:1836 http:4076)
I (148755604) runtime: Drain preflight(watermark): fram=512/656 wm=512 (78%) sd=mounted:1 degraded:0 backoff:0ms heap=int:79571/31732 psram:1955000/1933300 stack_min(ctrl:3324 stor:3196 flush:4004 net:1836 http:4076)
I (148762274) runtime: Drain post(watermark): flushed=512 remaining=0 duration=6670ms stack_min(ctrl:3324 stor:3196 flush:4004 net:1836 http:4076)
I (149355774) runtime: Drain preflight(watermark): fram=512/656 wm=512 (78%) sd=mounted:1 degraded:0 backoff:0ms heap=int:79571/31732 psram:1955000/1933300 stack_min(ctrl:3324 stor:3196 flush:4004 net:1836 http:4076)
I (149362614) runtime: Drain post(watermark): flushed=512 remaining=0 duration=6840ms stack_min(ctrl:3324 stor:3196 flush:4004 net:1836 http:4076)
I (149955914) runtime: Drain preflight(watermark): fram=512/656 wm=512 (78%) sd=mounted:1 degraded:0 backoff:0ms heap=int:79523/31732 psram:1955000/1933300 stack_min(ctrl:3324 stor:3196 flush:4004 net:1836 http:4076)
I (149962554) runtime: Drain post(watermark): flushed=512 remaining=0 duration=6640ms stack_min(ctrl:3324 stor:3196 flush:4004 net:1836 http:4076)
I (150556164) runtime: Drain preflight(watermark): fram=512/656 wm=512 (78%) sd=mounted:1 degraded:0 backoff:0ms heap=int:79571/31732 psram:1955000/1933300 stack_min(ctrl:3324 stor:3196 flush:4004 net:1836 http:4076)
I (150562834) runtime: Drain post(watermark): flushed=512 remaining=0 duration=6670ms stack_min(ctrl:3324 stor:3196 flush:4004 net:1836 http:4076)
I (151156394) runtime: Drain preflight(watermark): fram=512/656 wm=512 (78%) sd=mounted:1 degraded:0 backoff:0ms heap=int:79571/31732 psram:1955000/1933300 stack_min(ctrl:3324 stor:3196 flush:4004 net:1836 http:4076)
I (151163084) runtime: Drain post(watermark): flushed=512 remaining=0 duration=6690ms stack_min(ctrl:3324 stor:3196 flush:4004 net:1836 http:4076)
W (151208374) runtime: RTC resync stepped system time backward by -2 s (sys=1769367141 rtc=1769367139); will flag next record
I (151208374) runtime: control stack watermark: 3308 bytes free
I (151208964) runtime: Time jump marker written and verified on SD
I (151316094) time_sync: SNTP attempt summary: server=pool.ntp.org verified=yes callback=yes before=1769367245 after=1769367248 delta=3 cb_epoch=1769367248
I (151316094) time_sync: SNTP callback state: fired=yes cb_epoch=1769367248 cb_uptime_us=151315406324 attempt_uptime_us=151314674097
I (151316094) time_sync: SNTP synced
I (151316094) time_sync: RTC updated from system time
I (151316094) net_sup: Time synchronized (SNTP -> RTC UTC)
I (151755624) runtime: Drain preflight(watermark): fram=512/656 wm=512 (78%) sd=mounted:1 degraded:0 backoff:0ms heap=int:79571/31732 psram:1955000/1933300 stack_min(ctrl:3308 stor:3196 flush:4004 net:1836 http:4076)
I (151762284) runtime: Drain post(watermark): flushed=512 remaining=0 duration=6660ms stack_min(ctrl:3308 stor:3196 flush:4004 net:1836 http:4076)
I (152355784) runtime: Drain preflight(watermark): fram=512/656 wm=512 (78%) sd=mounted:1 degraded:0 backoff:0ms heap=int:79571/31732 psram:1955000/1933300 stack_min(ctrl:3308 stor:3196 flush:4004 net:1836 http:4076)
I (152362444) runtime: Drain post(watermark): flushed=512 remaining=0 duration=6660ms stack_min(ctrl:3308 stor:3196 flush:4004 net:1836 http:4076)
I (152955944) runtime: Drain preflight(watermark): fram=512/656 wm=512 (78%) sd=mounted:1 degraded:0 backoff:0ms heap=int:79571/31732 psram:1955000/1933300 stack_min(ctrl:3308 stor:3196 flush:4004 net:1836 http:4076)
I (152962604) runtime: Drain post(watermark): flushed=512 remaining=0 duration=6660ms stack_min(ctrl:3308 stor:3196 flush:4004 net:1836 http:4076)
I (153556174) runtime: Drain preflight(watermark): fram=512/656 wm=512 (78%) sd=mounted:1 degraded:0 backoff:0ms heap=int:79523/31732 psram:1955000/1933300 stack_min(ctrl:3308 stor:3196 flush:4004 net:1836 http:4076)
I (153563034) runtime: Drain post(watermark): flushed=512 remaining=0 duration=6860ms stack_min(ctrl:3308 stor:3196 flush:4004 net:1836 http:4076)
I (154156324) runtime: Drain preflight(watermark): fram=512/656 wm=512 (78%) sd=mounted:1 degraded:0 backoff:0ms heap=int:79571/31732 psram:1955000/1933300 stack_min(ctrl:3308 stor:3196 flush:4004 net:1836 http:4076)
I (154162954) runtime: Drain post(watermark): flushed=512 remaining=0 duration=6630ms stack_min(ctrl:3308 stor:3196 flush:4004 net:1836 http:4076)
W (154756584) runtime: MAX31865 fault: status=0x05 res_mohm=109193 temp_mC=23597
I (154756624) runtime: Drain preflight(watermark): fram=512/656 wm=512 (78%) sd=mounted:1 degraded:0 backoff:0ms heap=int:79571/31732 psram:1955000/1933300 stack_min(ctrl:3308 stor:3196 flush:4004 net:1836 http:4076)
I (154756664) alert_mgr: ntfy batch queued: total=1 unique=1
I (154756714) alert_mgr: ntfy batch queued: total=2 unique=2
I (154756764) alert_mgr: ntfy batch queued: total=2 unique=2
I (154756814) alert_mgr: ntfy batch queued: total=2 unique=2
I (154756864) alert_mgr: ntfy batch queued: total=2 unique=2
I (154756914) alert_mgr: ntfy batch queued: total=2 unique=2
I (154756964) alert_mgr: ntfy batch queued: total=1 unique=1
W (154757644) runtime: MAX31865 fault cleared
I (154757964) runtime: ntfy job ok: status=200 attempt=1
I (154763534) runtime: Drain post(watermark): flushed=512 remaining=0 duration=6910ms stack_min(ctrl:3308 stor:3196 flush:4004 net:1836 http:4076)
stack
task            alloc  last_free   min_free  peak_used  recommended
display          4608       2032       2032       2576         3840
control          6144       3308       3308       2836         4096
sensor           3584        848        848       2736         3840
storage          6144       3196       3196       2948         4096
sd_flush         8192       4004       4004       4188         5376
export           3584       1052       1052       2532         3584
net_tx           6144       1836       1836       4308         5376
alert_http      11264       4076       4076       7188         8448
pt100> status
node_id: 98:A3:16:12:57:B0
runtime_running: yes
time_valid: yes
log_period_ms: 1000
rtc_resync_period_ms: 3600000
sd_flush_period_ms: 600000
sd_batch_target_bytes: 4096
node_role: SENSOR
net_mode: WIFI
allow_children: no
tz_posix: CST6CDT,M3.2.0/2,M11.1.0/2
dst_enabled: yes
mqtt_enabled: no
mqtt_broker_uri: mqtt://192.168.1.50
mqtt_topic_prefix: pt100
mqtt_qos: 0
mqtt_retain: no
rtd_ema_enabled: yes
rtd_ema_alpha: 0.200
rtd_ema_valid: yes
utc_time: 2026-01-25 19:53:19Z (epoch=1769370799)
local_time: 2026-01-25 13:53:19 (utc_offset_sec=-21600 dst_in_effect=0)
fram_count: 51
fram_capacity: 656
fram_fill_pct: 7
fram_overrun_records_total: 0
fram_flush_watermark_records: 512
fram_full: no
fram_count/seq: 51/237720
fram_corrupt_detect_count: 0
fram_corrupt_skip_count: 0
fram_corrupt_last_reason: ok
fram_corrupt_last_slot: 0
fram_corrupt_last_addr: 0x0000
fram_corrupt_last_magic: 0x00000000
fram_corrupt_last_schema: 0
fram_corrupt_last_exp_crc: 0x0000
fram_corrupt_last_act_crc: 0x0000
data_csv_drop_count: 0
data_csv_write_fail_count: 0
mqtt_connected: no
export_outbox_depth/used: 16/0
export_drop_count: 0
export_send_fail_count: 0
calibration: mode=linear degree=1 coeffs=[0, 1, 0, 0]
Calibration:
  Last UTC:  n/a
  Due every: disabled
  Due date:  n/a
  Overdue:   no
  Time valid: yes
  Time stable: yes
  Check: active
sd_mounted: yes
sd_card_present: yes
sd_safe_to_remove: no
sd_card_detect_gpio: 3
sd_card_detect_present_level: low
sd_degraded: no
sd_fail_count: 0
sd_backoff_remaining_ms: 0
sd_last_record_id: 237668
heap_internal_free_bytes: 79547
heap_internal_largest_free_block_bytes: 31732
heap_internal_min_free_bytes: 36715
heap_internal_min_largest_free_block_bytes: 31732
heap_internal_frag_percent: 61
heap_internal_warn: no
heap_internal_crit: no
heap_psram_free_bytes: 1954744
heap_psram_largest_free_block_bytes: 1933300
heap_psram_min_free_bytes: 1947216
heap_psram_min_largest_free_block_bytes: 1933300
heap_psram_frag_percent: 2
heap_psram_warn: no
heap_psram_crit: no
allocs_since_run: 0
mesh_connected: no
wifi_connected: yes
wifi_ip: 192.168.4.149
cal_points: 0
pt100> I (154917294) time_sync: SNTP attempt summary: server=pool.ntp.org verified=yes callback=yes before=1769370847 after=1769370849 delta=2 cb_epoch=1769370849
I (154917294) time_sync: SNTP callback state: fired=yes cb_epoch=1769370849 cb_uptime_us=154916636334 attempt_uptime_us=154914674069
I (154917294) time_sync: SNTP synced
I (154917294) time_sync: RTC updated from system time
I (154917294) net_sup: Time synchronized (SNTP -> RTC UTC)
time show
utc_time: 2026-01-25 19:54:39Z (epoch=1769370879)
local_time: 2026-01-25 13:54:39 CST (-0600)
time_valid: yes
tz_posix: CST6CDT,M3.2.0/2,M11.1.0/2
dst_enabled: yes
local_isdst: 0
sntp_server: pool.ntp.org
sntp_last_attempt: 2026-01-25T19:54:07Z (epoch=1769370847)
sntp_last_result: ESP_OK (0)
sntp_last_success: 2026-01-25T19:54:09Z (epoch=1769370849)
rtc_present: yes
rtc_time_utc: 2026-01-25T19:54:39Z (epoch=1769370879)
rtc_drift_seconds: 0
rtc_last_set: 2026-01-25T19:54:09Z (epoch=1769370849)
pt100> I (155057694) runtime: ntfy job ok: status=200 attempt=1
I (155355734) runtime: Drain preflight(watermark): fram=512/656 wm=512 (78%) sd=mounted:1 degraded:0 backoff:0ms heap=int:79495/31732 psram:1955000/1933300 stack_min(ctrl:3308 stor:3196 flush:4004 net:1836 http:4076)
I (155357844) runtime: ntfy job ok: status=200 attempt=1
I (155362614) runtime: Drain post(watermark): flushed=512 remaining=0 duration=6880ms stack_min(ctrl:3308 stor:3196 flush:4004 net:1836 http:4076)
I (155657894) runtime: ntfy job ok: status=200 attempt=1
I (155955864) runtime: Drain preflight(watermark): fram=512/656 wm=512 (78%) sd=mounted:1 degraded:0 backoff:0ms heap=int:79495/31732 psram:1955000/1933300 stack_min(ctrl:3308 stor:3196 flush:4004 net:1836 http:4076)
I (155957944) runtime: ntfy job ok: status=200 attempt=1
I (155962784) runtime: Drain post(watermark): flushed=512 remaining=0 duration=6920ms stack_min(ctrl:3308 stor:3196 flush:4004 net:1836 http:4076)
I (156257684) runtime: ntfy job ok: status=200 attempt=1
I (156556034) runtime: Drain preflight(watermark): fram=512/656 wm=512 (78%) sd=mounted:1 degraded:0 backoff:0ms heap=int:79495/31732 psram:1955000/1933300 stack_min(ctrl:3308 stor:3196 flush:4004 net:1836 http:4076)
I (156557924) runtime: ntfy job ok: status=200 attempt=1
I (156562904) runtime: Drain post(watermark): flushed=512 remaining=0 duration=6870ms stack_min(ctrl:3308 stor:3196 flush:4004 net:1836 http:4076)
W (156613414) fram_log: PeekOldest retry attempt=1 slot=460 addr=0x5740 last_reason=bad-crc
I (157156184) runtime: Drain preflight(watermark): fram=512/656 wm=512 (78%) sd=mounted:1 degraded:0 backoff:0ms heap=int:79495/31732 psram:1955000/1933300 stack_min(ctrl:3308 stor:3196 flush:4004 net:1836 http:4076)
I (157162834) runtime: Drain post(watermark): flushed=512 remaining=0 duration=6650ms stack_min(ctrl:3308 stor:3196 flush:4004 net:1836 http:4076)
I (157756444) runtime: Drain preflight(watermark): fram=512/656 wm=512 (78%) sd=mounted:1 degraded:0 backoff:0ms heap=int:79495/31732 psram:1955000/1933300 stack_min(ctrl:3308 stor:3196 flush:4004 net:1836 http:4076)
I (157763104) runtime: Drain post(watermark): flushed=512 remaining=0 duration=6660ms stack_min(ctrl:3308 stor:3196 flush:4004 net:1836 http:4076)
I (158356724) runtime: Drain preflight(watermark): fram=512/656 wm=512 (78%) sd=mounted:1 degraded:0 backoff:0ms heap=int:79495/31732 psram:1955000/1933300 stack_min(ctrl:3308 stor:3196 flush:4004 net:1836 http:4076)
I (158363374) runtime: Drain post(watermark): flushed=512 remaining=0 duration=6650ms stack_min(ctrl:3308 stor:3196 flush:4004 net:1836 http:4076)
I (158520494) time_sync: SNTP attempt summary: server=pool.ntp.org verified=yes callback=yes before=1769374447 after=1769374452 delta=5 cb_epoch=1769374452
I (158520494) time_sync: SNTP callback state: fired=yes cb_epoch=1769374452 cb_uptime_us=158519677692 attempt_uptime_us=158514674067
I (158520494) time_sync: SNTP synced
I (158520494) time_sync: RTC updated from system time
I (158520494) net_sup: Time synchronized (SNTP -> RTC UTC)
I (158955834) runtime: Drain preflight(watermark): fram=512/656 wm=512 (78%) sd=mounted:1 degraded:0 backoff:0ms heap=int:79495/31732 psram:1955000/1933300 stack_min(ctrl:3308 stor:3196 flush:4004 net:1836 http:4076)
I (158962484) runtime: Drain post(watermark): flushed=512 remaining=0 duration=6650ms stack_min(ctrl:3308 stor:3196 flush:4004 net:1836 http:4076)
I (159555994) runtime: Drain preflight(watermark): fram=512/656 wm=512 (78%) sd=mounted:1 degraded:0 backoff:0ms heap=int:79447/31732 psram:1955000/1933300 stack_min(ctrl:3308 stor:3196 flush:4004 net:1836 http:4076)
I (159562634) runtime: Drain post(watermark): flushed=512 remaining=0 duration=6640ms stack_min(ctrl:3308 stor:3196 flush:4004 net:1836 http:4076)
I (160156124) runtime: Drain preflight(watermark): fram=512/656 wm=512 (78%) sd=mounted:1 degraded:0 backoff:0ms heap=int:79495/31732 psram:1955000/1933300 stack_min(ctrl:3308 stor:3196 flush:4004 net:1836 http:4076)
I (160162774) runtime: Drain post(watermark): flushed=512 remaining=0 duration=6650ms stack_min(ctrl:3308 stor:3196 flush:4004 net:1836 http:4076)
I (160756264) runtime: Drain preflight(watermark): fram=512/656 wm=512 (78%) sd=mounted:1 degraded:0 backoff:0ms heap=int:79495/31732 psram:1955000/1933300 stack_min(ctrl:3308 stor:3196 flush:4004 net:1836 http:4076)
I (160762924) runtime: Drain post(watermark): flushed=512 remaining=0 duration=6660ms stack_min(ctrl:3308 stor:3196 flush:4004 net:1836 http:4076)
I (161356524) runtime: Drain preflight(watermark): fram=512/656 wm=512 (78%) sd=mounted:1 degraded:0 backoff:0ms heap=int:79495/31732 psram:1955000/1933300 stack_min(ctrl:3308 stor:3196 flush:4004 net:1836 http:4076)
I (161363164) runtime: Drain post(watermark): flushed=512 remaining=0 duration=6640ms stack_min(ctrl:3308 stor:3196 flush:4004 net:1836 http:4076)
I (161956664) runtime: Drain preflight(watermark): fram=512/656 wm=512 (78%) sd=mounted:1 degraded:0 backoff:0ms heap=int:79495/31732 psram:1955000/1933300 stack_min(ctrl:3308 stor:3196 flush:4004 net:1836 http:4076)
I (161963304) runtime: Drain post(watermark): flushed=512 remaining=0 duration=6640ms stack_min(ctrl:3308 stor:3196 flush:4004 net:1836 http:4076)
I (162120294) time_sync: SNTP attempt summary: server=pool.ntp.org verified=yes callback=yes before=1769378047 after=1769378052 delta=5 cb_epoch=1769378052
I (162120294) time_sync: SNTP callback state: fired=yes cb_epoch=1769378052 cb_uptime_us=162119509826 attempt_uptime_us=162114674139
I (162120294) time_sync: SNTP synced
I (162120294) time_sync: RTC updated from system time
I (162120294) net_sup: Time synchronized (SNTP -> RTC UTC)
I (162556794) runtime: Drain preflight(watermark): fram=512/656 wm=512 (78%) sd=mounted:1 degraded:0 backoff:0ms heap=int:79495/31732 psram:1955000/1933300 stack_min(ctrl:3308 stor:3196 flush:4004 net:1836 http:4076)
I (162563444) runtime: Drain post(watermark): flushed=512 remaining=0 duration=6650ms stack_min(ctrl:3308 stor:3196 flush:4004 net:1836 http:4076)
I (163156934) runtime: Drain preflight(watermark): fram=512/656 wm=512 (78%) sd=mounted:1 degraded:0 backoff:0ms heap=int:79447/31732 psram:1955000/1933300 stack_min(ctrl:3308 stor:3196 flush:4004 net:1836 http:4076)
I (163163594) runtime: Drain post(watermark): flushed=512 remaining=0 duration=6660ms stack_min(ctrl:3308 stor:3196 flush:4004 net:1836 http:4076)
I (163756044) runtime: Drain preflight(watermark): fram=512/656 wm=512 (78%) sd=mounted:1 degraded:0 backoff:0ms heap=int:79495/31732 psram:1955000/1933300 stack_min(ctrl:3308 stor:3196 flush:4004 net:1836 http:4076)
I (163762674) runtime: Drain post(watermark): flushed=512 remaining=0 duration=6630ms stack_min(ctrl:3308 stor:3196 flush:4004 net:1836 http:4076)
I (164356174) runtime: Drain preflight(watermark): fram=512/656 wm=512 (78%) sd=mounted:1 degraded:0 backoff:0ms heap=int:79495/31732 psram:1955000/1933300 stack_min(ctrl:3308 stor:3196 flush:4004 net:1836 http:4076)
I (164363054) runtime: Drain post(watermark): flushed=512 remaining=0 duration=6880ms stack_min(ctrl:3308 stor:3196 flush:4004 net:1836 http:4076)
I (164956394) runtime: Drain preflight(watermark): fram=512/656 wm=512 (78%) sd=mounted:1 degraded:0 backoff:0ms heap=int:79495/31732 psram:1955000/1933300 stack_min(ctrl:3308 stor:3196 flush:4004 net:1836 http:4076)
I (164963064) runtime: Drain post(watermark): flushed=512 remaining=0 duration=6670ms stack_min(ctrl:3308 stor:3196 flush:4004 net:1836 http:4076)
I (165556634) runtime: Drain preflight(watermark): fram=512/656 wm=512 (78%) sd=mounted:1 degraded:0 backoff:0ms heap=int:79495/31732 psram:1955000/1933300 stack_min(ctrl:3308 stor:3196 flush:4004 net:1836 http:4076)
I (165563284) runtime: Drain post(watermark): flushed=512 remaining=0 duration=6650ms stack_min(ctrl:3308 stor:3196 flush:4004 net:1836 http:4076)
I (165717094) time_sync: SNTP attempt summary: server=pool.ntp.org verified=yes callback=yes before=1769381647 after=1769381649 delta=2 cb_epoch=1769381649
I (165717094) time_sync: SNTP callback state: fired=yes cb_epoch=1769381649 cb_uptime_us=165716441179 attempt_uptime_us=165714674066
I (165717094) time_sync: SNTP synced
I (165717094) time_sync: RTC updated from system time
I (165717094) net_sup: Time synchronized (SNTP -> RTC UTC)
I (166156784) runtime: Drain preflight(watermark): fram=512/656 wm=512 (78%) sd=mounted:1 degraded:0 backoff:0ms heap=int:79495/31732 psram:1955000/1933300 stack_min(ctrl:3308 stor:3196 flush:4004 net:1836 http:4076)
I (166163434) runtime: Drain post(watermark): flushed=512 remaining=0 duration=6650ms stack_min(ctrl:3308 stor:3196 flush:4004 net:1836 http:4076)
I (166756934) runtime: Drain preflight(watermark): fram=512/656 wm=512 (78%) sd=mounted:1 degraded:0 backoff:0ms heap=int:79495/31732 psram:1955000/1933300 stack_min(ctrl:3308 stor:3196 flush:4004 net:1836 http:4076)
I (166763584) runtime: Drain post(watermark): flushed=512 remaining=0 duration=6650ms stack_min(ctrl:3308 stor:3196 flush:4004 net:1836 http:4076)
I (167356034) runtime: Drain preflight(watermark): fram=512/656 wm=512 (78%) sd=mounted:1 degraded:0 backoff:0ms heap=int:79495/31732 psram:1955000/1933300 stack_min(ctrl:3308 stor:3196 flush:4004 net:1836 http:4076)
I (167362694) runtime: Drain post(watermark): flushed=512 remaining=0 duration=6660ms stack_min(ctrl:3308 stor:3196 flush:4004 net:1836 http:4076)
I (167956204) runtime: Drain preflight(watermark): fram=512/656 wm=512 (78%) sd=mounted:1 degraded:0 backoff:0ms heap=int:79495/31732 psram:1955000/1933300 stack_min(ctrl:3308 stor:3196 flush:4004 net:1836 http:4076)
I (167962854) runtime: Drain post(watermark): flushed=512 remaining=0 duration=6650ms stack_min(ctrl:3308 stor:3196 flush:4004 net:1836 http:4076)
I (168556354) runtime: Drain preflight(watermark): fram=512/656 wm=512 (78%) sd=mounted:1 degraded:0 backoff:0ms heap=int:79495/31732 psram:1955000/1933300 stack_min(ctrl:3308 stor:3196 flush:4004 net:1836 http:4076)
I (168563004) runtime: Drain post(watermark): flushed=512 remaining=0 duration=6650ms stack_min(ctrl:3308 stor:3196 flush:4004 net:1836 http:4076)
I (169156514) runtime: Drain preflight(watermark): fram=512/656 wm=512 (78%) sd=mounted:1 degraded:0 backoff:0ms heap=int:79495/31732 psram:1955000/1933300 stack_min(ctrl:3308 stor:3196 flush:4004 net:1836 http:4076)
I (169163164) runtime: Drain post(watermark): flushed=512 remaining=0 duration=6650ms stack_min(ctrl:3308 stor:3196 flush:4004 net:1836 http:4076)
I (169319294) time_sync: SNTP attempt summary: server=pool.ntp.org verified=yes callback=yes before=1769385247 after=1769385251 delta=4 cb_epoch=1769385251
I (169319294) time_sync: SNTP callback state: fired=yes cb_epoch=1769385251 cb_uptime_us=169318629577 attempt_uptime_us=169314674074
I (169319294) time_sync: SNTP synced
I (169319294) time_sync: RTC updated from system time
I (169319294) net_sup: Time synchronized (SNTP -> RTC UTC)
I (169756654) runtime: Drain preflight(watermark): fram=512/656 wm=512 (78%) sd=mounted:1 degraded:0 backoff:0ms heap=int:79495/31732 psram:1955000/1933300 stack_min(ctrl:3308 stor:3196 flush:4004 net:1836 http:4076)
I (169763384) runtime: Drain post(watermark): flushed=512 remaining=0 duration=6730ms stack_min(ctrl:3308 stor:3196 flush:4004 net:1836 http:4076)
I (170356824) runtime: Drain preflight(watermark): fram=512/656 wm=512 (78%) sd=mounted:1 degraded:0 backoff:0ms heap=int:79495/31732 psram:1955000/1933300 stack_min(ctrl:3308 stor:3196 flush:4004 net:1836 http:4076)
I (170363484) runtime: Drain post(watermark): flushed=512 remaining=0 duration=6660ms stack_min(ctrl:3308 stor:3196 flush:4004 net:1836 http:4076)
I (170956974) runtime: Drain preflight(watermark): fram=512/656 wm=512 (78%) sd=mounted:1 degraded:0 backoff:0ms heap=int:79447/31732 psram:1955000/1933300 stack_min(ctrl:3308 stor:3196 flush:4004 net:1836 http:4076)
I (170963624) runtime: Drain post(watermark): flushed=512 remaining=0 duration=6650ms stack_min(ctrl:3308 stor:3196 flush:4004 net:1836 http:4076)
I (171557114) runtime: Drain preflight(watermark): fram=512/656 wm=512 (78%) sd=mounted:1 degraded:0 backoff:0ms heap=int:79495/31732 psram:1955000/1933300 stack_min(ctrl:3308 stor:3196 flush:4004 net:1836 http:4076)
I (171563974) runtime: Drain post(watermark): flushed=512 remaining=0 duration=6860ms stack_min(ctrl:3308 stor:3196 flush:4004 net:1836 http:4076)
I (172156224) runtime: Drain preflight(watermark): fram=512/656 wm=512 (78%) sd=mounted:1 degraded:0 backoff:0ms heap=int:79495/31732 psram:1955000/1933300 stack_min(ctrl:3308 stor:3196 flush:4004 net:1836 http:4076)
I (172162864) runtime: Drain post(watermark): flushed=512 remaining=0 duration=6640ms stack_min(ctrl:3308 stor:3196 flush:4004 net:1836 http:4076)
I (172756364) runtime: Drain preflight(watermark): fram=512/656 wm=512 (78%) sd=mounted:1 degraded:0 backoff:0ms heap=int:79495/31732 psram:1955000/1933300 stack_min(ctrl:3308 stor:3196 flush:4004 net:1836 http:4076)
I (172763014) runtime: Drain post(watermark): flushed=512 remaining=0 duration=6650ms stack_min(ctrl:3308 stor:3196 flush:4004 net:1836 http:4076)
I (172916094) time_sync: SNTP attempt summary: server=pool.ntp.org verified=yes callback=yes before=1769388847 after=1769388848 delta=1 cb_epoch=1769388847
I (172916094) time_sync: SNTP callback state: fired=yes cb_epoch=1769388847 cb_uptime_us=172915321700 attempt_uptime_us=172914674067
I (172916094) time_sync: SNTP synced
I (172916094) time_sync: RTC updated from system time
I (172916094) net_sup: Time synchronized (SNTP -> RTC UTC)
I (173356514) runtime: Drain preflight(watermark): fram=512/656 wm=512 (78%) sd=mounted:1 degraded:0 backoff:0ms heap=int:79495/31732 psram:1955000/1933300 stack_min(ctrl:3308 stor:3196 flush:4004 net:1836 http:4076)
I (173363174) runtime: Drain post(watermark): flushed=512 remaining=0 duration=6660ms stack_min(ctrl:3308 stor:3196 flush:4004 net:1836 http:4076)
I (173956674) runtime: Drain preflight(watermark): fram=512/656 wm=512 (78%) sd=mounted:1 degraded:0 backoff:0ms heap=int:79447/31732 psram:1955000/1933300 stack_min(ctrl:3308 stor:3196 flush:4004 net:1836 http:4076)
I (173963324) runtime: Drain post(watermark): flushed=512 remaining=0 duration=6650ms stack_min(ctrl:3308 stor:3196 flush:4004 net:1836 http:4076)
I (174556804) runtime: Drain preflight(watermark): fram=512/656 wm=512 (78%) sd=mounted:1 degraded:0 backoff:0ms heap=int:79447/31732 psram:1955000/1933300 stack_min(ctrl:3308 stor:3196 flush:4004 net:1836 http:4076)
I (174563484) runtime: Drain post(watermark): flushed=512 remaining=0 duration=6680ms stack_min(ctrl:3308 stor:3196 flush:4004 net:1836 http:4076)
I (175156974) runtime: Drain preflight(watermark): fram=512/656 wm=512 (78%) sd=mounted:1 degraded:0 backoff:0ms heap=int:79447/31732 psram:1955000/1933300 stack_min(ctrl:3308 stor:3196 flush:4004 net:1836 http:4076)
I (175163514) runtime: Drain post(watermark): flushed=512 remaining=0 duration=6540ms stack_min(ctrl:3308 stor:3196 flush:4004 net:1836 http:4076)
I (175757014) runtime: Drain preflight(watermark): fram=512/656 wm=512 (78%) sd=mounted:1 degraded:0 backoff:0ms heap=int:79495/31732 psram:1955008/1933300 stack_min(ctrl:3308 stor:3196 flush:4004 net:1836 http:4076)
I (175763664) runtime: Drain post(watermark): flushed=512 remaining=0 duration=6650ms stack_min(ctrl:3308 stor:3196 flush:4004 net:1836 http:4076)
I (176357174) runtime: Drain preflight(watermark): fram=512/656 wm=512 (78%) sd=mounted:1 degraded:0 backoff:0ms heap=int:79495/31732 psram:1955000/1933300 stack_min(ctrl:3308 stor:3196 flush:4004 net:1836 http:4076)
I (176363704) runtime: Drain post(watermark): flushed=512 remaining=0 duration=6530ms stack_min(ctrl:3308 stor:3196 flush:4004 net:1836 http:4076)
I (176519694) time_sync: SNTP attempt summary: server=pool.ntp.org verified=yes callback=yes before=1769392447 after=1769392451 delta=4 cb_epoch=1769392451
I (176519694) time_sync: SNTP callback state: fired=yes cb_epoch=1769392451 cb_uptime_us=176519047088 attempt_uptime_us=176514674070
I (176519694) time_sync: SNTP synced
I (176519694) time_sync: RTC updated from system time
I (176519694) net_sup: Time synchronized (SNTP -> RTC UTC)
I (176957214) runtime: Drain preflight(watermark): fram=512/656 wm=512 (78%) sd=mounted:1 degraded:0 backoff:0ms heap=int:79495/31732 psram:1955000/1933300 stack_min(ctrl:3308 stor:3196 flush:4004 net:1836 http:4076)
I (176964074) runtime: Drain post(watermark): flushed=512 remaining=0 duration=6860ms stack_min(ctrl:3308 stor:3196 flush:4004 net:1836 http:4076)
W (177014584) fram_log: PeekOldest retry attempt=1 slot=66 addr=0x0d60 last_reason=bad-crc
status
node_id: 98:A3:16:12:57:B0
runtime_running: yes
time_valid: yes
log_period_ms: 1000
rtc_resync_period_ms: 3600000
sd_flush_period_ms: 600000
sd_batch_target_bytes: 4096
node_role: SENSOR
net_mode: WIFI
allow_children: no
tz_posix: CST6CDT,M3.2.0/2,M11.1.0/2
dst_enabled: yes
mqtt_enabled: no
mqtt_broker_uri: mqtt://192.168.1.50
mqtt_topic_prefix: pt100
mqtt_qos: 0
mqtt_retain: no
rtd_ema_enabled: yes
rtd_ema_alpha: 0.200
rtd_ema_valid: yes
utc_time: 2026-01-26 02:06:57Z (epoch=1769393217)
local_time: 2026-01-25 20:06:57 (utc_offset_sec=-21600 dst_in_effect=0)
fram_count: 255
fram_capacity: 656
fram_fill_pct: 38
fram_overrun_records_total: 0
fram_flush_watermark_records: 512
fram_full: no
fram_count/seq: 255/258862
fram_corrupt_detect_count: 0
fram_corrupt_skip_count: 0
fram_corrupt_last_reason: ok
fram_corrupt_last_slot: 0
fram_corrupt_last_addr: 0x0000
fram_corrupt_last_magic: 0x00000000
fram_corrupt_last_schema: 0
fram_corrupt_last_exp_crc: 0x0000
fram_corrupt_last_act_crc: 0x0000
data_csv_drop_count: 0
data_csv_write_fail_count: 0
mqtt_connected: no
export_outbox_depth/used: 16/0
export_drop_count: 0
export_send_fail_count: 0
calibration: mode=linear degree=1 coeffs=[0, 1, 0, 0]
Calibration:
  Last UTC:  n/a
  Due every: disabled
  Due date:  n/a
  Overdue:   no
  Time valid: yes
  Time stable: yes
  Check: active
sd_mounted: yes
sd_card_present: yes
sd_safe_to_remove: no
sd_card_detect_gpio: 3
sd_card_detect_present_level: low
sd_degraded: no
sd_fail_count: 0
sd_backoff_remaining_ms: 0
sd_last_record_id: 258606
heap_internal_free_bytes: 79495
heap_internal_largest_free_block_bytes: 31732
heap_internal_min_free_bytes: 35535
heap_internal_min_largest_free_block_bytes: 31732
heap_internal_frag_percent: 61
heap_internal_warn: no
heap_internal_crit: no
heap_psram_free_bytes: 1955000
heap_psram_largest_free_block_bytes: 1933300
heap_psram_min_free_bytes: 1947216
heap_psram_min_largest_free_block_bytes: 1933300
heap_psram_frag_percent: 2
heap_psram_warn: no
heap_psram_crit: no
allocs_since_run: 0
mesh_connected: no
wifi_connected: yes
wifi_ip: 192.168.4.149
cal_points: 0
pt100> stack
task            alloc  last_free   min_free  peak_used  recommended
display          4608       2032       2032       2576         3840
control          6144       3308       3308       2836         4096
sensor           3584        848        848       2736         3840
storage          6144       3196       3196       2948         4096
sd_flush         8192       4004       4004       4188         5376
export           3584       1052       1052       2532         3584
net_tx           6144       1836       1836       4308         5376
alert_http      11264       4076       4076       7188         8448
pt100> 